#
# There is insufficient memory for the Java Runtime Environment to continue.
# Native memory allocation (malloc) failed to allocate 287696 bytes for Chunk::new
# Possible reasons:
#   The system is out of physical RAM or swap space
#   The process is running with CompressedOops enabled, and the Java Heap may be blocking the growth of the native heap
# Possible solutions:
#   Reduce memory load on the system
#   Increase physical memory or swap space
#   Check if swap backing store is full
#   Decrease Java heap size (-Xmx/-Xms)
#   Decrease number of Java threads
#   Decrease Java thread stack sizes (-Xss)
#   Set larger code cache with -XX:ReservedCodeCacheSize=
#   JVM is running with Unscaled Compressed Oops mode in which the Java heap is
#     placed in the first 4GB address space. The Java Heap base address is the
#     maximum limit for the native heap growth. Please use -XX:HeapBaseMinAddress
#     to set the Java Heap base and to place the Java Heap above 4GB virtual address.
# This output file may be truncated or incomplete.
#
#  Out of Memory Error (arena.cpp:184), pid=29116, tid=22224
#
# JRE version: Java(TM) SE Runtime Environment (19.0.2+7) (build 19.0.2+7-44)
# Java VM: Java HotSpot(TM) 64-Bit Server VM (19.0.2+7-44, mixed mode, sharing, tiered, compressed oops, compressed class ptrs, g1 gc, windows-amd64)
# No core dump will be written. Minidumps are not enabled by default on client versions of Windows
#

---------------  S U M M A R Y ------------

Command Line: -Dfile.encoding=UTF-8 --module-path=E:\Minor Project\E-Bill\Electricity Billing System\build\classes electricity.billing.system.Login

Host: Intel(R) Core(TM) i7-8750H CPU @ 2.20GHz, 12 cores, 7G,  Windows 11 , 64 bit Build 22621 (10.0.22621.1344)
Time: Thu Mar 23 01:19:11 2023 India Standard Time elapsed time: 0.455467 seconds (0d 0h 0m 0s)

---------------  T H R E A D  ---------------

Current thread (0x000001d56ec2b4d0):  JavaThread "C2 CompilerThread0" daemon [_thread_in_native, id=22224, stack(0x0000008bdad00000,0x0000008bdae00000)]


Current CompileTask:
C2:    455  765 % !   4       sun.awt.image.PNGImageDecoder::produceImage @ 960 (1917 bytes)

Stack: [0x0000008bdad00000,0x0000008bdae00000]
Native frames: (J=compiled Java code, j=interpreted, Vv=VM code, C=native code)
V  [jvm.dll+0x6ee21a]
V  [jvm.dll+0x85765e]
V  [jvm.dll+0x85904e]
V  [jvm.dll+0x859703]
V  [jvm.dll+0x28298f]
V  [jvm.dll+0xc9adf]
V  [jvm.dll+0xc9e65]
V  [jvm.dll+0x2f7caf]
V  [jvm.dll+0x5f076b]
V  [jvm.dll+0x25590c]
V  [jvm.dll+0x24e1a7]
V  [jvm.dll+0x24b673]
V  [jvm.dll+0x1d6ce1]
V  [jvm.dll+0x25b25a]
V  [jvm.dll+0x2596e8]
V  [jvm.dll+0x807588]
V  [jvm.dll+0x80125a]
V  [jvm.dll+0x6ecf0b]
C  [ucrtbase.dll+0x29363]
C  [KERNEL32.DLL+0x126bd]
C  [ntdll.dll+0x5a9f8]


---------------  P R O C E S S  ---------------

Threads class SMR info:
_java_thread_list=0x000001d5741882e0, length=20, elements={
0x000001d550016aa0, 0x000001d56ec1cda0, 0x000001d56ec1d7d0, 0x000001d56ec23cb0,
0x000001d56ec245e0, 0x000001d56ec24f10, 0x000001d56ec25840, 0x000001d56ec2b4d0,
0x000001d56ec4de60, 0x000001d56ec4e7d0, 0x000001d573106980, 0x000001d573197dd0,
0x000001d57335fae0, 0x000001d573362ae0, 0x000001d5733669b0, 0x000001d5733a7900,
0x000001d5733c1c80, 0x000001d5733ec1b0, 0x000001d573f9e0b0, 0x000001d574133b60
}

Java Threads: ( => current thread )
  0x000001d550016aa0 JavaThread "main" [_thread_in_native, id=9380, stack(0x0000008bda000000,0x0000008bda100000)]
  0x000001d56ec1cda0 JavaThread "Reference Handler" daemon [_thread_blocked, id=24044, stack(0x0000008bda700000,0x0000008bda800000)]
  0x000001d56ec1d7d0 JavaThread "Finalizer" daemon [_thread_blocked, id=28720, stack(0x0000008bda800000,0x0000008bda900000)]
  0x000001d56ec23cb0 JavaThread "Signal Dispatcher" daemon [_thread_blocked, id=25468, stack(0x0000008bda900000,0x0000008bdaa00000)]
  0x000001d56ec245e0 JavaThread "Attach Listener" daemon [_thread_blocked, id=28152, stack(0x0000008bdaa00000,0x0000008bdab00000)]
  0x000001d56ec24f10 JavaThread "Service Thread" daemon [_thread_blocked, id=19816, stack(0x0000008bdab00000,0x0000008bdac00000)]
  0x000001d56ec25840 JavaThread "Monitor Deflation Thread" daemon [_thread_blocked, id=20432, stack(0x0000008bdac00000,0x0000008bdad00000)]
=>0x000001d56ec2b4d0 JavaThread "C2 CompilerThread0" daemon [_thread_in_native, id=22224, stack(0x0000008bdad00000,0x0000008bdae00000)]
  0x000001d56ec4de60 JavaThread "C1 CompilerThread0" daemon [_thread_blocked, id=29508, stack(0x0000008bdae00000,0x0000008bdaf00000)]
  0x000001d56ec4e7d0 JavaThread "Sweeper thread" daemon [_thread_blocked, id=21920, stack(0x0000008bdaf00000,0x0000008bdb000000)]
  0x000001d573106980 JavaThread "Common-Cleaner" daemon [_thread_blocked, id=7676, stack(0x0000008bdb000000,0x0000008bdb100000)]
  0x000001d573197dd0 JavaThread "Notification Thread" daemon [_thread_blocked, id=26448, stack(0x0000008bdb100000,0x0000008bdb200000)]
  0x000001d57335fae0 JavaThread "Java2D Disposer" daemon [_thread_blocked, id=24304, stack(0x0000008bdb300000,0x0000008bdb400000)]
  0x000001d573362ae0 JavaThread "AWT-Shutdown" [_thread_blocked, id=30520, stack(0x0000008bdb400000,0x0000008bdb500000)]
  0x000001d5733669b0 JavaThread "AWT-Windows" daemon [_thread_in_native, id=23396, stack(0x0000008bdb500000,0x0000008bdb600000)]
  0x000001d5733a7900 JavaThread "EventQueueMonitor-ComponentEvtDispatch" daemon [_thread_blocked, id=21596, stack(0x0000008bdb600000,0x0000008bdb700000)]
  0x000001d5733c1c80 JavaThread "Thread-1" daemon [_thread_in_native, id=28912, stack(0x0000008bdb700000,0x0000008bdb800000)]
  0x000001d5733ec1b0 JavaThread "Image Fetcher 0" daemon [_thread_blocked, id=22256, stack(0x0000008bdb800000,0x0000008bdb900000)]
  0x000001d573f9e0b0 JavaThread "C2 CompilerThread1" daemon [_thread_blocked, id=23720, stack(0x0000008bdb900000,0x0000008bdba00000)]
  0x000001d574133b60 JavaThread "AWT-EventQueue-0" [_thread_blocked, id=29616, stack(0x0000008bdba00000,0x0000008bdbb00000)]

Other Threads:
  0x000001d56ec04060 VMThread "VM Thread" [stack: 0x0000008bda600000,0x0000008bda700000] [id=28892]
  0x000001d5731a0300 WatcherThread "VM Periodic Task Thread" [stack: 0x0000008bdb200000,0x0000008bdb300000] [id=29632]
  0x000001d5500770e0 WorkerThread "GC Thread#0" [stack: 0x0000008bda100000,0x0000008bda200000] [id=27284]
  0x000001d550087c00 ConcurrentGCThread "G1 Main Marker" [stack: 0x0000008bda200000,0x0000008bda300000] [id=23240]
  0x000001d550088930 WorkerThread "G1 Conc#0" [stack: 0x0000008bda300000,0x0000008bda400000] [id=25184]
  0x000001d56eabe040 ConcurrentGCThread "G1 Refine#0" [stack: 0x0000008bda400000,0x0000008bda500000] [id=15732]
  0x000001d56eabfa30 ConcurrentGCThread "G1 Service" [stack: 0x0000008bda500000,0x0000008bda600000] [id=26140]

Threads with active compile tasks:
C2 CompilerThread0      495  765 % !   4       sun.awt.image.PNGImageDecoder::produceImage @ 960 (1917 bytes)

VM state: not at safepoint (normal execution)

VM Mutex/Monitor currently owned by a thread: None

Heap address: 0x0000000082200000, size: 2014 MB, Compressed Oops mode: 32-bit

CDS archive(s) mapped at: [0x0000000800000000-0x0000000800c40000-0x0000000800c40000), size 12845056, SharedBaseAddress: 0x0000000800000000, ArchiveRelocationMode: 0.
Compressed class space mapped at: 0x0000000801000000-0x0000000841000000, reserved size: 1073741824
Narrow klass base: 0x0000000800000000, Narrow klass shift: 0, Narrow klass range: 0x100000000

GC Precious Log:
 CardTable entry size: 512
 Card Set container configuration: InlinePtr #cards 5 size 8 Array Of Cards #cards 12 size 40 Howl #buckets 4 coarsen threshold 1843 Howl Bitmap #cards 512 size 80 coarsen threshold 460 Card regions per heap region 1 cards per card region 2048
 CPUs: 12 total, 12 available
 Memory: 8050M
 Large Page Support: Disabled
 NUMA Support: Disabled
 Compressed Oops: Enabled (32-bit)
 Heap Region Size: 1M
 Heap Min Capacity: 8M
 Heap Initial Capacity: 126M
 Heap Max Capacity: 2014M
 Pre-touch: Disabled
 Parallel Workers: 10
 Concurrent Workers: 3
 Concurrent Refinement Workers: 10
 Periodic GC: Disabled

Heap:
 garbage-first heap   total 129024K, used 14336K [0x0000000082200000, 0x0000000100000000)
  region size 1024K, 13 young (13312K), 0 survivors (0K)
 Metaspace       used 7458K, committed 7744K, reserved 1114112K
  class space    used 806K, committed 960K, reserved 1048576K

Heap Regions: E=young(eden), S=young(survivor), O=old, HS=humongous(starts), HC=humongous(continues), CS=collection set, F=free, OA=open archive, CA=closed archive, TAMS=top-at-mark-start (previous, next)
|   0|0x0000000082200000, 0x0000000082300000, 0x0000000082300000|100%|HS|  |TAMS 0x0000000082200000, 0x0000000082200000| Complete 
|   1|0x0000000082300000, 0x0000000082400000, 0x0000000082400000|100%|HS|  |TAMS 0x0000000082300000, 0x0000000082300000| Complete 
|   2|0x0000000082400000, 0x0000000082500000, 0x0000000082500000|100%|HC|  |TAMS 0x0000000082400000, 0x0000000082400000| Complete 
|   3|0x0000000082500000, 0x0000000082500000, 0x0000000082600000|  0%| F|  |TAMS 0x0000000082500000, 0x0000000082500000| Untracked 
|   4|0x0000000082600000, 0x0000000082600000, 0x0000000082700000|  0%| F|  |TAMS 0x0000000082600000, 0x0000000082600000| Untracked 
|   5|0x0000000082700000, 0x0000000082700000, 0x0000000082800000|  0%| F|  |TAMS 0x0000000082700000, 0x0000000082700000| Untracked 
|   6|0x0000000082800000, 0x0000000082800000, 0x0000000082900000|  0%| F|  |TAMS 0x0000000082800000, 0x0000000082800000| Untracked 
|   7|0x0000000082900000, 0x0000000082900000, 0x0000000082a00000|  0%| F|  |TAMS 0x0000000082900000, 0x0000000082900000| Untracked 
|   8|0x0000000082a00000, 0x0000000082a00000, 0x0000000082b00000|  0%| F|  |TAMS 0x0000000082a00000, 0x0000000082a00000| Untracked 
|   9|0x0000000082b00000, 0x0000000082b00000, 0x0000000082c00000|  0%| F|  |TAMS 0x0000000082b00000, 0x0000000082b00000| Untracked 
|  10|0x0000000082c00000, 0x0000000082c00000, 0x0000000082d00000|  0%| F|  |TAMS 0x0000000082c00000, 0x0000000082c00000| Untracked 
|  11|0x0000000082d00000, 0x0000000082d00000, 0x0000000082e00000|  0%| F|  |TAMS 0x0000000082d00000, 0x0000000082d00000| Untracked 
|  12|0x0000000082e00000, 0x0000000082e00000, 0x0000000082f00000|  0%| F|  |TAMS 0x0000000082e00000, 0x0000000082e00000| Untracked 
|  13|0x0000000082f00000, 0x0000000082f00000, 0x0000000083000000|  0%| F|  |TAMS 0x0000000082f00000, 0x0000000082f00000| Untracked 
|  14|0x0000000083000000, 0x0000000083000000, 0x0000000083100000|  0%| F|  |TAMS 0x0000000083000000, 0x0000000083000000| Untracked 
|  15|0x0000000083100000, 0x0000000083100000, 0x0000000083200000|  0%| F|  |TAMS 0x0000000083100000, 0x0000000083100000| Untracked 
|  16|0x0000000083200000, 0x0000000083200000, 0x0000000083300000|  0%| F|  |TAMS 0x0000000083200000, 0x0000000083200000| Untracked 
|  17|0x0000000083300000, 0x0000000083300000, 0x0000000083400000|  0%| F|  |TAMS 0x0000000083300000, 0x0000000083300000| Untracked 
|  18|0x0000000083400000, 0x0000000083400000, 0x0000000083500000|  0%| F|  |TAMS 0x0000000083400000, 0x0000000083400000| Untracked 
|  19|0x0000000083500000, 0x0000000083500000, 0x0000000083600000|  0%| F|  |TAMS 0x0000000083500000, 0x0000000083500000| Untracked 
|  20|0x0000000083600000, 0x0000000083600000, 0x0000000083700000|  0%| F|  |TAMS 0x0000000083600000, 0x0000000083600000| Untracked 
|  21|0x0000000083700000, 0x0000000083700000, 0x0000000083800000|  0%| F|  |TAMS 0x0000000083700000, 0x0000000083700000| Untracked 
|  22|0x0000000083800000, 0x0000000083800000, 0x0000000083900000|  0%| F|  |TAMS 0x0000000083800000, 0x0000000083800000| Untracked 
|  23|0x0000000083900000, 0x0000000083900000, 0x0000000083a00000|  0%| F|  |TAMS 0x0000000083900000, 0x0000000083900000| Untracked 
|  24|0x0000000083a00000, 0x0000000083a00000, 0x0000000083b00000|  0%| F|  |TAMS 0x0000000083a00000, 0x0000000083a00000| Untracked 
|  25|0x0000000083b00000, 0x0000000083b00000, 0x0000000083c00000|  0%| F|  |TAMS 0x0000000083b00000, 0x0000000083b00000| Untracked 
|  26|0x0000000083c00000, 0x0000000083c00000, 0x0000000083d00000|  0%| F|  |TAMS 0x0000000083c00000, 0x0000000083c00000| Untracked 
|  27|0x0000000083d00000, 0x0000000083d00000, 0x0000000083e00000|  0%| F|  |TAMS 0x0000000083d00000, 0x0000000083d00000| Untracked 
|  28|0x0000000083e00000, 0x0000000083e00000, 0x0000000083f00000|  0%| F|  |TAMS 0x0000000083e00000, 0x0000000083e00000| Untracked 
|  29|0x0000000083f00000, 0x0000000083f00000, 0x0000000084000000|  0%| F|  |TAMS 0x0000000083f00000, 0x0000000083f00000| Untracked 
|  30|0x0000000084000000, 0x0000000084000000, 0x0000000084100000|  0%| F|  |TAMS 0x0000000084000000, 0x0000000084000000| Untracked 
|  31|0x0000000084100000, 0x0000000084100000, 0x0000000084200000|  0%| F|  |TAMS 0x0000000084100000, 0x0000000084100000| Untracked 
|  32|0x0000000084200000, 0x0000000084200000, 0x0000000084300000|  0%| F|  |TAMS 0x0000000084200000, 0x0000000084200000| Untracked 
|  33|0x0000000084300000, 0x0000000084300000, 0x0000000084400000|  0%| F|  |TAMS 0x0000000084300000, 0x0000000084300000| Untracked 
|  34|0x0000000084400000, 0x0000000084400000, 0x0000000084500000|  0%| F|  |TAMS 0x0000000084400000, 0x0000000084400000| Untracked 
|  35|0x0000000084500000, 0x0000000084500000, 0x0000000084600000|  0%| F|  |TAMS 0x0000000084500000, 0x0000000084500000| Untracked 
|  36|0x0000000084600000, 0x0000000084600000, 0x0000000084700000|  0%| F|  |TAMS 0x0000000084600000, 0x0000000084600000| Untracked 
|  37|0x0000000084700000, 0x0000000084700000, 0x0000000084800000|  0%| F|  |TAMS 0x0000000084700000, 0x0000000084700000| Untracked 
|  38|0x0000000084800000, 0x0000000084800000, 0x0000000084900000|  0%| F|  |TAMS 0x0000000084800000, 0x0000000084800000| Untracked 
|  39|0x0000000084900000, 0x0000000084900000, 0x0000000084a00000|  0%| F|  |TAMS 0x0000000084900000, 0x0000000084900000| Untracked 
|  40|0x0000000084a00000, 0x0000000084a00000, 0x0000000084b00000|  0%| F|  |TAMS 0x0000000084a00000, 0x0000000084a00000| Untracked 
|  41|0x0000000084b00000, 0x0000000084b00000, 0x0000000084c00000|  0%| F|  |TAMS 0x0000000084b00000, 0x0000000084b00000| Untracked 
|  42|0x0000000084c00000, 0x0000000084c00000, 0x0000000084d00000|  0%| F|  |TAMS 0x0000000084c00000, 0x0000000084c00000| Untracked 
|  43|0x0000000084d00000, 0x0000000084d00000, 0x0000000084e00000|  0%| F|  |TAMS 0x0000000084d00000, 0x0000000084d00000| Untracked 
|  44|0x0000000084e00000, 0x0000000084e00000, 0x0000000084f00000|  0%| F|  |TAMS 0x0000000084e00000, 0x0000000084e00000| Untracked 
|  45|0x0000000084f00000, 0x0000000084f00000, 0x0000000085000000|  0%| F|  |TAMS 0x0000000084f00000, 0x0000000084f00000| Untracked 
|  46|0x0000000085000000, 0x0000000085000000, 0x0000000085100000|  0%| F|  |TAMS 0x0000000085000000, 0x0000000085000000| Untracked 
|  47|0x0000000085100000, 0x0000000085100000, 0x0000000085200000|  0%| F|  |TAMS 0x0000000085100000, 0x0000000085100000| Untracked 
|  48|0x0000000085200000, 0x0000000085200000, 0x0000000085300000|  0%| F|  |TAMS 0x0000000085200000, 0x0000000085200000| Untracked 
|  49|0x0000000085300000, 0x0000000085300000, 0x0000000085400000|  0%| F|  |TAMS 0x0000000085300000, 0x0000000085300000| Untracked 
|  50|0x0000000085400000, 0x0000000085400000, 0x0000000085500000|  0%| F|  |TAMS 0x0000000085400000, 0x0000000085400000| Untracked 
|  51|0x0000000085500000, 0x0000000085500000, 0x0000000085600000|  0%| F|  |TAMS 0x0000000085500000, 0x0000000085500000| Untracked 
|  52|0x0000000085600000, 0x0000000085600000, 0x0000000085700000|  0%| F|  |TAMS 0x0000000085600000, 0x0000000085600000| Untracked 
|  53|0x0000000085700000, 0x0000000085700000, 0x0000000085800000|  0%| F|  |TAMS 0x0000000085700000, 0x0000000085700000| Untracked 
|  54|0x0000000085800000, 0x0000000085800000, 0x0000000085900000|  0%| F|  |TAMS 0x0000000085800000, 0x0000000085800000| Untracked 
|  55|0x0000000085900000, 0x0000000085900000, 0x0000000085a00000|  0%| F|  |TAMS 0x0000000085900000, 0x0000000085900000| Untracked 
|  56|0x0000000085a00000, 0x0000000085a00000, 0x0000000085b00000|  0%| F|  |TAMS 0x0000000085a00000, 0x0000000085a00000| Untracked 
|  57|0x0000000085b00000, 0x0000000085b00000, 0x0000000085c00000|  0%| F|  |TAMS 0x0000000085b00000, 0x0000000085b00000| Untracked 
|  58|0x0000000085c00000, 0x0000000085c00000, 0x0000000085d00000|  0%| F|  |TAMS 0x0000000085c00000, 0x0000000085c00000| Untracked 
|  59|0x0000000085d00000, 0x0000000085d00000, 0x0000000085e00000|  0%| F|  |TAMS 0x0000000085d00000, 0x0000000085d00000| Untracked 
|  60|0x0000000085e00000, 0x0000000085e00000, 0x0000000085f00000|  0%| F|  |TAMS 0x0000000085e00000, 0x0000000085e00000| Untracked 
|  61|0x0000000085f00000, 0x0000000085f00000, 0x0000000086000000|  0%| F|  |TAMS 0x0000000085f00000, 0x0000000085f00000| Untracked 
|  62|0x0000000086000000, 0x0000000086000000, 0x0000000086100000|  0%| F|  |TAMS 0x0000000086000000, 0x0000000086000000| Untracked 
|  63|0x0000000086100000, 0x0000000086100000, 0x0000000086200000|  0%| F|  |TAMS 0x0000000086100000, 0x0000000086100000| Untracked 
|  64|0x0000000086200000, 0x0000000086200000, 0x0000000086300000|  0%| F|  |TAMS 0x0000000086200000, 0x0000000086200000| Untracked 
|  65|0x0000000086300000, 0x0000000086300000, 0x0000000086400000|  0%| F|  |TAMS 0x0000000086300000, 0x0000000086300000| Untracked 
|  66|0x0000000086400000, 0x0000000086400000, 0x0000000086500000|  0%| F|  |TAMS 0x0000000086400000, 0x0000000086400000| Untracked 
|  67|0x0000000086500000, 0x0000000086500000, 0x0000000086600000|  0%| F|  |TAMS 0x0000000086500000, 0x0000000086500000| Untracked 
|  68|0x0000000086600000, 0x0000000086600000, 0x0000000086700000|  0%| F|  |TAMS 0x0000000086600000, 0x0000000086600000| Untracked 
|  69|0x0000000086700000, 0x0000000086700000, 0x0000000086800000|  0%| F|  |TAMS 0x0000000086700000, 0x0000000086700000| Untracked 
|  70|0x0000000086800000, 0x0000000086800000, 0x0000000086900000|  0%| F|  |TAMS 0x0000000086800000, 0x0000000086800000| Untracked 
|  71|0x0000000086900000, 0x0000000086900000, 0x0000000086a00000|  0%| F|  |TAMS 0x0000000086900000, 0x0000000086900000| Untracked 
|  72|0x0000000086a00000, 0x0000000086a00000, 0x0000000086b00000|  0%| F|  |TAMS 0x0000000086a00000, 0x0000000086a00000| Untracked 
|  73|0x0000000086b00000, 0x0000000086b00000, 0x0000000086c00000|  0%| F|  |TAMS 0x0000000086b00000, 0x0000000086b00000| Untracked 
|  74|0x0000000086c00000, 0x0000000086c00000, 0x0000000086d00000|  0%| F|  |TAMS 0x0000000086c00000, 0x0000000086c00000| Untracked 
|  75|0x0000000086d00000, 0x0000000086d00000, 0x0000000086e00000|  0%| F|  |TAMS 0x0000000086d00000, 0x0000000086d00000| Untracked 
|  76|0x0000000086e00000, 0x0000000086e00000, 0x0000000086f00000|  0%| F|  |TAMS 0x0000000086e00000, 0x0000000086e00000| Untracked 
|  77|0x0000000086f00000, 0x0000000086f00000, 0x0000000087000000|  0%| F|  |TAMS 0x0000000086f00000, 0x0000000086f00000| Untracked 
|  78|0x0000000087000000, 0x0000000087000000, 0x0000000087100000|  0%| F|  |TAMS 0x0000000087000000, 0x0000000087000000| Untracked 
|  79|0x0000000087100000, 0x0000000087100000, 0x0000000087200000|  0%| F|  |TAMS 0x0000000087100000, 0x0000000087100000| Untracked 
|  80|0x0000000087200000, 0x0000000087200000, 0x0000000087300000|  0%| F|  |TAMS 0x0000000087200000, 0x0000000087200000| Untracked 
|  81|0x0000000087300000, 0x0000000087300000, 0x0000000087400000|  0%| F|  |TAMS 0x0000000087300000, 0x0000000087300000| Untracked 
|  82|0x0000000087400000, 0x0000000087400000, 0x0000000087500000|  0%| F|  |TAMS 0x0000000087400000, 0x0000000087400000| Untracked 
|  83|0x0000000087500000, 0x0000000087500000, 0x0000000087600000|  0%| F|  |TAMS 0x0000000087500000, 0x0000000087500000| Untracked 
|  84|0x0000000087600000, 0x0000000087600000, 0x0000000087700000|  0%| F|  |TAMS 0x0000000087600000, 0x0000000087600000| Untracked 
|  85|0x0000000087700000, 0x0000000087700000, 0x0000000087800000|  0%| F|  |TAMS 0x0000000087700000, 0x0000000087700000| Untracked 
|  86|0x0000000087800000, 0x0000000087800000, 0x0000000087900000|  0%| F|  |TAMS 0x0000000087800000, 0x0000000087800000| Untracked 
|  87|0x0000000087900000, 0x0000000087900000, 0x0000000087a00000|  0%| F|  |TAMS 0x0000000087900000, 0x0000000087900000| Untracked 
|  88|0x0000000087a00000, 0x0000000087a00000, 0x0000000087b00000|  0%| F|  |TAMS 0x0000000087a00000, 0x0000000087a00000| Untracked 
|  89|0x0000000087b00000, 0x0000000087b00000, 0x0000000087c00000|  0%| F|  |TAMS 0x0000000087b00000, 0x0000000087b00000| Untracked 
|  90|0x0000000087c00000, 0x0000000087c00000, 0x0000000087d00000|  0%| F|  |TAMS 0x0000000087c00000, 0x0000000087c00000| Untracked 
|  91|0x0000000087d00000, 0x0000000087d00000, 0x0000000087e00000|  0%| F|  |TAMS 0x0000000087d00000, 0x0000000087d00000| Untracked 
|  92|0x0000000087e00000, 0x0000000087e00000, 0x0000000087f00000|  0%| F|  |TAMS 0x0000000087e00000, 0x0000000087e00000| Untracked 
|  93|0x0000000087f00000, 0x0000000087f00000, 0x0000000088000000|  0%| F|  |TAMS 0x0000000087f00000, 0x0000000087f00000| Untracked 
|  94|0x0000000088000000, 0x0000000088000000, 0x0000000088100000|  0%| F|  |TAMS 0x0000000088000000, 0x0000000088000000| Untracked 
|  95|0x0000000088100000, 0x0000000088100000, 0x0000000088200000|  0%| F|  |TAMS 0x0000000088100000, 0x0000000088100000| Untracked 
|  96|0x0000000088200000, 0x0000000088200000, 0x0000000088300000|  0%| F|  |TAMS 0x0000000088200000, 0x0000000088200000| Untracked 
|  97|0x0000000088300000, 0x0000000088300000, 0x0000000088400000|  0%| F|  |TAMS 0x0000000088300000, 0x0000000088300000| Untracked 
|  98|0x0000000088400000, 0x0000000088400000, 0x0000000088500000|  0%| F|  |TAMS 0x0000000088400000, 0x0000000088400000| Untracked 
|  99|0x0000000088500000, 0x0000000088500000, 0x0000000088600000|  0%| F|  |TAMS 0x0000000088500000, 0x0000000088500000| Untracked 
| 100|0x0000000088600000, 0x0000000088600000, 0x0000000088700000|  0%| F|  |TAMS 0x0000000088600000, 0x0000000088600000| Untracked 
| 101|0x0000000088700000, 0x0000000088700000, 0x0000000088800000|  0%| F|  |TAMS 0x0000000088700000, 0x0000000088700000| Untracked 
| 102|0x0000000088800000, 0x0000000088800000, 0x0000000088900000|  0%| F|  |TAMS 0x0000000088800000, 0x0000000088800000| Untracked 
| 103|0x0000000088900000, 0x0000000088900000, 0x0000000088a00000|  0%| F|  |TAMS 0x0000000088900000, 0x0000000088900000| Untracked 
| 104|0x0000000088a00000, 0x0000000088a00000, 0x0000000088b00000|  0%| F|  |TAMS 0x0000000088a00000, 0x0000000088a00000| Untracked 
| 105|0x0000000088b00000, 0x0000000088b00000, 0x0000000088c00000|  0%| F|  |TAMS 0x0000000088b00000, 0x0000000088b00000| Untracked 
| 106|0x0000000088c00000, 0x0000000088c00000, 0x0000000088d00000|  0%| F|  |TAMS 0x0000000088c00000, 0x0000000088c00000| Untracked 
| 107|0x0000000088d00000, 0x0000000088d00000, 0x0000000088e00000|  0%| F|  |TAMS 0x0000000088d00000, 0x0000000088d00000| Untracked 
| 108|0x0000000088e00000, 0x0000000088e00000, 0x0000000088f00000|  0%| F|  |TAMS 0x0000000088e00000, 0x0000000088e00000| Untracked 
| 109|0x0000000088f00000, 0x0000000088f00000, 0x0000000089000000|  0%| F|  |TAMS 0x0000000088f00000, 0x0000000088f00000| Untracked 
| 110|0x0000000089000000, 0x0000000089000000, 0x0000000089100000|  0%| F|  |TAMS 0x0000000089000000, 0x0000000089000000| Untracked 
| 111|0x0000000089100000, 0x0000000089100000, 0x0000000089200000|  0%| F|  |TAMS 0x0000000089100000, 0x0000000089100000| Untracked 
| 112|0x0000000089200000, 0x0000000089200000, 0x0000000089300000|  0%| F|  |TAMS 0x0000000089200000, 0x0000000089200000| Untracked 
| 113|0x0000000089300000, 0x00000000893ec288, 0x0000000089400000| 92%| E|  |TAMS 0x0000000089300000, 0x0000000089300000| Complete 
| 114|0x0000000089400000, 0x0000000089500000, 0x0000000089500000|100%| E|CS|TAMS 0x0000000089400000, 0x0000000089400000| Complete 
| 115|0x0000000089500000, 0x0000000089600000, 0x0000000089600000|100%| E|  |TAMS 0x0000000089500000, 0x0000000089500000| Complete 
| 116|0x0000000089600000, 0x0000000089700000, 0x0000000089700000|100%| E|CS|TAMS 0x0000000089600000, 0x0000000089600000| Complete 
| 117|0x0000000089700000, 0x0000000089800000, 0x0000000089800000|100%| E|CS|TAMS 0x0000000089700000, 0x0000000089700000| Complete 
| 118|0x0000000089800000, 0x0000000089900000, 0x0000000089900000|100%| E|CS|TAMS 0x0000000089800000, 0x0000000089800000| Complete 
| 119|0x0000000089900000, 0x0000000089a00000, 0x0000000089a00000|100%| E|CS|TAMS 0x0000000089900000, 0x0000000089900000| Complete 
| 120|0x0000000089a00000, 0x0000000089b00000, 0x0000000089b00000|100%| E|CS|TAMS 0x0000000089a00000, 0x0000000089a00000| Complete 
| 121|0x0000000089b00000, 0x0000000089c00000, 0x0000000089c00000|100%| E|CS|TAMS 0x0000000089b00000, 0x0000000089b00000| Complete 
| 122|0x0000000089c00000, 0x0000000089d00000, 0x0000000089d00000|100%| E|CS|TAMS 0x0000000089c00000, 0x0000000089c00000| Complete 
| 123|0x0000000089d00000, 0x0000000089e00000, 0x0000000089e00000|100%| E|CS|TAMS 0x0000000089d00000, 0x0000000089d00000| Complete 
| 124|0x0000000089e00000, 0x0000000089f00000, 0x0000000089f00000|100%| E|CS|TAMS 0x0000000089e00000, 0x0000000089e00000| Complete 
| 125|0x0000000089f00000, 0x000000008a000000, 0x000000008a000000|100%| E|CS|TAMS 0x0000000089f00000, 0x0000000089f00000| Complete 

Card table byte_map: [0x000001d5678c0000,0x000001d567cb0000] _byte_map_base: 0x000001d5674af000

Marking Bits (Prev, Next): (CMBitMap*) 0x000001d550077710, (CMBitMap*) 0x000001d550077750
 Prev Bits: [0x000001d5680a0000, 0x000001d56a018000)
 Next Bits: [0x000001d56a020000, 0x000001d56bf98000)

Polling page: 0x000001d54df60000

Metaspace:

Usage:
  Non-class:      6.50 MB used.
      Class:    806.66 KB used.
       Both:      7.28 MB used.

Virtual space:
  Non-class space:       64.00 MB reserved,       6.62 MB ( 10%) committed,  1 nodes.
      Class space:        1.00 GB reserved,     960.00 KB ( <1%) committed,  1 nodes.
             Both:        1.06 GB reserved,       7.56 MB ( <1%) committed. 

Chunk freelists:
   Non-Class:  1000.00 KB
       Class:  3.11 MB
        Both:  4.08 MB

MaxMetaspaceSize: unlimited
CompressedClassSpaceSize: 1.00 GB
Initial GC threshold: 21.00 MB
Current GC threshold: 21.00 MB
CDS: on
MetaspaceReclaimPolicy: balanced
 - commit_granule_bytes: 65536.
 - commit_granule_words: 8192.
 - virtual_space_node_default_size: 8388608.
 - enlarge_chunks_in_place: 1.
 - new_chunks_are_fully_committed: 0.
 - uncommit_free_chunks: 1.
 - use_allocation_guard: 0.


Internal statistics:

num_allocs_failed_limit: 0.
num_arena_births: 158.
num_arena_deaths: 0.
num_vsnodes_births: 2.
num_vsnodes_deaths: 0.
num_space_committed: 121.
num_space_uncommitted: 0.
num_chunks_returned_to_freelist: 0.
num_chunks_taken_from_freelist: 185.
num_chunk_merges: 0.
num_chunk_splits: 125.
num_chunks_enlarged: 80.
num_inconsistent_stats: 0.

CodeHeap 'non-profiled nmethods': size=120000Kb used=261Kb max_used=261Kb free=119739Kb
 bounds [0x000001d55fa50000, 0x000001d55fcc0000, 0x000001d566f80000]
CodeHeap 'profiled nmethods': size=120000Kb used=1368Kb max_used=1368Kb free=118631Kb
 bounds [0x000001d557f80000, 0x000001d5581f0000, 0x000001d55f4b0000]
CodeHeap 'non-nmethods': size=5760Kb used=1349Kb max_used=1363Kb free=4410Kb
 bounds [0x000001d55f4b0000, 0x000001d55f720000, 0x000001d55fa50000]
 total_blobs=1448 nmethods=860 adapters=499
 compilation: enabled
              stopped_count=0, restarted_count=0
 full_count=0

Compilation events (20 events):
Event: 0.433 Thread 0x000001d56ec4de60  768       3       javax.swing.SwingUtilities::appContextGet (8 bytes)
Event: 0.433 Thread 0x000001d56ec4de60 nmethod 768 0x000001d5580b0c10 code [0x000001d5580b0dc0, 0x000001d5580b0f18]
Event: 0.433 Thread 0x000001d56ec4de60  770   !   3       javax.swing.UIManager::getLAFState (61 bytes)
Event: 0.433 Thread 0x000001d56ec4de60 nmethod 770 0x000001d5580b1010 code [0x000001d5580b1260, 0x000001d5580b19c8]
Event: 0.433 Thread 0x000001d56ec4de60  771       3       jdk.internal.module.SystemModuleFinders$SystemImage::reader (4 bytes)
Event: 0.433 Thread 0x000001d56ec4de60 nmethod 771 0x000001d5580b1d10 code [0x000001d5580b1ea0, 0x000001d5580b1f98]
Event: 0.433 Thread 0x000001d56ec4de60  772       3       jdk.internal.jimage.ImageReader::requireOpen (18 bytes)
Event: 0.434 Thread 0x000001d56ec4de60 nmethod 772 0x000001d5580b2010 code [0x000001d5580b21c0, 0x000001d5580b23c8]
Event: 0.434 Thread 0x000001d56ec4de60  774       3       java.util.Optional::empty (6 bytes)
Event: 0.435 Thread 0x000001d56ec4de60 nmethod 774 0x000001d5580b2490 code [0x000001d5580b2620, 0x000001d5580b2718]
Event: 0.435 Thread 0x000001d56ec4de60  775       3       jdk.internal.loader.BuiltinClassLoader::moduleReaderFor (45 bytes)
Event: 0.435 Thread 0x000001d56ec4de60 nmethod 775 0x000001d5580b2790 code [0x000001d5580b2980, 0x000001d5580b3018]
Event: 0.439 Thread 0x000001d56ec4de60  777       1       java.nio.Buffer::position (5 bytes)
Event: 0.439 Thread 0x000001d56ec4de60 nmethod 777 0x000001d55fa89610 code [0x000001d55fa897a0, 0x000001d55fa89858]
Event: 0.446 Thread 0x000001d573f9e0b0 nmethod 766% 0x000001d55fa89910 code [0x000001d55fa89aa0, 0x000001d55fa89db8]
Event: 0.446 Thread 0x000001d573f9e0b0  778       4       java.awt.image.ReplicateScaleFilter::setPixels (225 bytes)
Event: 0.447 Thread 0x000001d56ec4de60  779       3       java.lang.Integer::hashCode (8 bytes)
Event: 0.448 Thread 0x000001d56ec4de60 nmethod 779 0x000001d5580b3210 code [0x000001d5580b33c0, 0x000001d5580b3518]
Event: 0.448 Thread 0x000001d56ec4de60  780       3       java.lang.Integer::hashCode (2 bytes)
Event: 0.448 Thread 0x000001d56ec4de60 nmethod 780 0x000001d5580b3610 code [0x000001d5580b37a0, 0x000001d5580b3898]

GC Heap History (0 events):
No events

Dll operation events (9 events):
Event: 0.008 Loaded shared library C:\Program Files\Java\jdk-19\bin\java.dll
Event: 0.129 Loaded shared library C:\Program Files\Java\jdk-19\bin\jsvml.dll
Event: 0.167 Loaded shared library C:\Program Files\Java\jdk-19\bin\net.dll
Event: 0.168 Loaded shared library C:\Program Files\Java\jdk-19\bin\nio.dll
Event: 0.183 Loaded shared library C:\Program Files\Java\jdk-19\bin\zip.dll
Event: 0.196 Loaded shared library C:\Program Files\Java\jdk-19\bin\jimage.dll
Event: 0.209 Loaded shared library C:\Program Files\Java\jdk-19\bin\awt.dll
Event: 0.268 Loaded shared library C:\Program Files\Java\jdk-19\bin\javaaccessbridge.dll
Event: 0.418 Loaded shared library C:\Program Files\Java\jdk-19\bin\javajpeg.dll

Deoptimization events (8 events):
Event: 0.298 Thread 0x000001d550016aa0 Uncommon trap: trap_request=0xffffff45 fr.pc=0x000001d55fa5fb54 relative=0x0000000000000bb4
Event: 0.298 Thread 0x000001d550016aa0 Uncommon trap: reason=unstable_if action=reinterpret pc=0x000001d55fa5fb54 method=java.util.HashMap.putVal(ILjava/lang/Object;Ljava/lang/Object;ZZ)Ljava/lang/Object; @ 81 c2
Event: 0.298 Thread 0x000001d550016aa0 DEOPT PACKING pc=0x000001d55fa5fb54 sp=0x0000008bda0fe000
Event: 0.298 Thread 0x000001d550016aa0 DEOPT UNPACKING pc=0x000001d55f516da3 sp=0x0000008bda0fdfb0 mode 2
Event: 0.394 Thread 0x000001d5733ec1b0 Uncommon trap: trap_request=0xffffff45 fr.pc=0x000001d55fa80080 relative=0x0000000000000700
Event: 0.394 Thread 0x000001d5733ec1b0 Uncommon trap: reason=unstable_if action=reinterpret pc=0x000001d55fa80080 method=java.util.regex.Matcher.search(I)Z @ 30 c2
Event: 0.394 Thread 0x000001d5733ec1b0 DEOPT PACKING pc=0x000001d55fa80080 sp=0x0000008bdb8fe9e0
Event: 0.394 Thread 0x000001d5733ec1b0 DEOPT UNPACKING pc=0x000001d55f516da3 sp=0x0000008bdb8fe9c0 mode 2

Classes loaded (20 events):
Event: 0.451 Loading class java/awt/ActiveEvent done
Event: 0.451 Loading class java/awt/event/InvocationEvent done
Event: 0.451 Loading class java/awt/event/InvocationEvent$1
Event: 0.451 Loading class sun/awt/AWTAccessor$InvocationEventAccessor
Event: 0.451 Loading class sun/awt/AWTAccessor$InvocationEventAccessor done
Event: 0.451 Loading class java/awt/event/InvocationEvent$1 done
Event: 0.451 Loading class java/awt/EventQueue$6
Event: 0.451 Loading class java/awt/EventQueue$6 done
Event: 0.452 Loading class java/awt/EventDispatchThread
Event: 0.452 Loading class java/awt/EventDispatchThread done
Event: 0.452 Loading class sun/awt/PeerEvent
Event: 0.452 Loading class sun/awt/PeerEvent done
Event: 0.452 Loading class sun/awt/EventQueueItem
Event: 0.452 Loading class sun/awt/EventQueueItem done
Event: 0.452 Loading class java/awt/EventDispatchThread$1
Event: 0.452 Loading class java/awt/Conditional
Event: 0.452 Loading class java/awt/Conditional done
Event: 0.452 Loading class java/awt/EventDispatchThread$1 done
Event: 0.452 Loading class java/awt/EventDispatchThread$HierarchyEventFilter
Event: 0.452 Loading class java/awt/EventFilter

Classes unloaded (0 events):
No events

Classes redefined (0 events):
No events

Internal exceptions (15 events):
Event: 0.169 Thread 0x000001d550016aa0 Exception <a 'sun/nio/fs/WindowsException'{0x0000000089e454c8}> (0x0000000089e454c8) 
thrown [s\open\src\hotspot\share\prims\jni.cpp, line 517]
Event: 0.169 Thread 0x000001d550016aa0 Exception <a 'sun/nio/fs/WindowsException'{0x0000000089e459e8}> (0x0000000089e459e8) 
thrown [s\open\src\hotspot\share\prims\jni.cpp, line 517]
Event: 0.170 Thread 0x000001d550016aa0 Exception <a 'sun/nio/fs/WindowsException'{0x0000000089e47ca8}> (0x0000000089e47ca8) 
thrown [s\open\src\hotspot\share\prims\jni.cpp, line 517]
Event: 0.171 Thread 0x000001d550016aa0 Exception <a 'sun/nio/fs/WindowsException'{0x0000000089e48708}> (0x0000000089e48708) 
thrown [s\open\src\hotspot\share\prims\jni.cpp, line 517]
Event: 0.201 Thread 0x000001d550016aa0 Exception <a 'java/lang/ClassNotFoundException'{0x0000000089d97260}: sun/awt/resources/spi/awtProvider> (0x0000000089d97260) 
thrown [s\open\src\hotspot\share\classfile\systemDictionary.cpp, line 255]
Event: 0.253 Thread 0x000001d550016aa0 Exception <a 'java/lang/NoSuchMethodError'{0x0000000089c37750}: 'java.lang.Object java.lang.invoke.DirectMethodHandle$Holder.invokeStaticInit(java.lang.Object)'> (0x0000000089c37750) 
thrown [s\open\src\hotspot\share\interpreter\linkResolver.cpp, line 774]
Event: 0.270 Thread 0x000001d550016aa0 Exception <a 'java/lang/ClassNotFoundException'{0x0000000089c5cb58}: com/sun/accessibility/internal/resources/spi/accessibilityProvider> (0x0000000089c5cb58) 
thrown [s\open\src\hotspot\share\classfile\systemDictionary.cpp, line 255]
Event: 0.285 Thread 0x000001d550016aa0 Exception <a 'java/lang/NoSuchMethodError'{0x0000000089b30268}: 'void java.lang.invoke.DirectMethodHandle$Holder.invokeStatic(java.lang.Object, java.lang.Object)'> (0x0000000089b30268) 
thrown [s\open\src\hotspot\share\interpreter\linkResolver.cpp, line 774]
Event: 0.299 Thread 0x000001d550016aa0 Exception <a 'java/lang/NoSuchMethodError'{0x0000000089b73900}: 'void java.lang.invoke.DirectMethodHandle$Holder.invokeSpecial(java.lang.Object, java.lang.Object, java.lang.Object)'> (0x0000000089b73900) 
thrown [s\open\src\hotspot\share\interpreter\linkResolver.cpp, line 774]
Event: 0.306 Thread 0x000001d550016aa0 Exception <a 'java/lang/NoSuchMethodError'{0x0000000089a14588}: 'java.lang.Object java.lang.invoke.DirectMethodHandle$Holder.newInvokeSpecial(java.lang.Object, java.lang.Object, java.lang.Object, java.lang.Object, java.lang.Object)'> (0x0000000089a14588) 
thrown [s\open\src\hotspot\share\interpreter\linkResolver.cpp, line 774]
Event: 0.311 Thread 0x000001d550016aa0 Exception <a 'java/lang/NoSuchMethodError'{0x0000000089a45c70}: 'java.lang.Object java.lang.invoke.DirectMethodHandle$Holder.invokeStatic(java.lang.Object, int, java.lang.Object)'> (0x0000000089a45c70) 
thrown [s\open\src\hotspot\share\interpreter\linkResolver.cpp, line 774]
Event: 0.335 Thread 0x000001d550016aa0 Exception <a 'java/lang/ClassNotFoundException'{0x0000000089901798}: com/sun/swing/internal/plaf/metal/resources/spi/metalProvider> (0x0000000089901798) 
thrown [s\open\src\hotspot\share\classfile\systemDictionary.cpp, line 255]
Event: 0.336 Thread 0x000001d550016aa0 Exception <a 'java/lang/ClassNotFoundException'{0x00000000899056c8}: com/sun/swing/internal/plaf/basic/resources/spi/basicProvider> (0x00000000899056c8) 
thrown [s\open\src\hotspot\share\classfile\systemDictionary.cpp, line 255]
Event: 0.342 Thread 0x000001d550016aa0 Exception <a 'java/lang/NoSuchMethodError'{0x0000000089925078}: 'int java.lang.invoke.Invokers$Holder.invokeExact_MT(java.lang.Object, java.lang.Object)'> (0x0000000089925078) 
thrown [s\open\src\hotspot\share\interpreter\linkResolver.cpp, line 774]
Event: 0.403 Thread 0x000001d5733ec1b0 Exception <a 'java/lang/NoSuchMethodError'{0x0000000089710b20}: 'java.lang.Object java.lang.invoke.DirectMethodHandle$Holder.newInvokeSpecial(java.lang.Object, java.lang.Object, java.lang.Object, int, int, int, int, int)'> (0x0000000089710b20) 
thrown [s\open\src\hotspot\share\interpreter\linkResolver.cpp, line 774]

VM Operations (6 events):
Event: 0.171 Executing VM operation: HandshakeAllThreads
Event: 0.171 Executing VM operation: HandshakeAllThreads done
Event: 0.356 Executing VM operation: HandshakeAllThreads
Event: 0.356 Executing VM operation: HandshakeAllThreads done
Event: 0.393 Executing VM operation: HandshakeAllThreads
Event: 0.393 Executing VM operation: HandshakeAllThreads done

Events (20 events):
Event: 0.129 Thread 0x000001d550016aa0 Thread added: 0x000001d550016aa0
Event: 0.140 Thread 0x000001d56ec1cda0 Thread added: 0x000001d56ec1cda0
Event: 0.140 Thread 0x000001d56ec1d7d0 Thread added: 0x000001d56ec1d7d0
Event: 0.141 Thread 0x000001d56ec23cb0 Thread added: 0x000001d56ec23cb0
Event: 0.141 Thread 0x000001d56ec245e0 Thread added: 0x000001d56ec245e0
Event: 0.141 Thread 0x000001d56ec24f10 Thread added: 0x000001d56ec24f10
Event: 0.141 Thread 0x000001d56ec25840 Thread added: 0x000001d56ec25840
Event: 0.141 Thread 0x000001d56ec2b4d0 Thread added: 0x000001d56ec2b4d0
Event: 0.141 Thread 0x000001d56ec4de60 Thread added: 0x000001d56ec4de60
Event: 0.141 Thread 0x000001d56ec4e7d0 Thread added: 0x000001d56ec4e7d0
Event: 0.158 Thread 0x000001d573106980 Thread added: 0x000001d573106980
Event: 0.179 Thread 0x000001d573197dd0 Thread added: 0x000001d573197dd0
Event: 0.254 Thread 0x000001d57335fae0 Thread added: 0x000001d57335fae0
Event: 0.255 Thread 0x000001d573362ae0 Thread added: 0x000001d573362ae0
Event: 0.256 Thread 0x000001d5733669b0 Thread added: 0x000001d5733669b0
Event: 0.275 Thread 0x000001d5733a7900 Thread added: 0x000001d5733a7900
Event: 0.284 Thread 0x000001d5733c1c80 Thread added: 0x000001d5733c1c80
Event: 0.363 Thread 0x000001d5733ec1b0 Thread added: 0x000001d5733ec1b0
Event: 0.384 Thread 0x000001d573f9e0b0 Thread added: 0x000001d573f9e0b0
Event: 0.452 Thread 0x000001d574133b60 Thread added: 0x000001d574133b60


Dynamic libraries:
0x00007ff796a60000 - 0x00007ff796a70000 	C:\Program Files\Java\jdk-19\bin\java.exe
0x00007ffc8dff0000 - 0x00007ffc8e204000 	C:\WINDOWS\SYSTEM32\ntdll.dll
0x00007ffc8d7e0000 - 0x00007ffc8d8a3000 	C:\WINDOWS\System32\KERNEL32.DLL
0x00007ffc8b580000 - 0x00007ffc8b91c000 	C:\WINDOWS\System32\KERNELBASE.dll
0x00007ffc8b460000 - 0x00007ffc8b571000 	C:\WINDOWS\System32\ucrtbase.dll
0x00007ffc79b30000 - 0x00007ffc79b48000 	C:\Program Files\Java\jdk-19\bin\jli.dll
0x00007ffc83390000 - 0x00007ffc833ab000 	C:\Program Files\Java\jdk-19\bin\VCRUNTIME140.dll
0x00007ffc8da10000 - 0x00007ffc8dabe000 	C:\WINDOWS\System32\ADVAPI32.dll
0x00007ffc8dbc0000 - 0x00007ffc8dc67000 	C:\WINDOWS\System32\msvcrt.dll
0x00007ffc8c8d0000 - 0x00007ffc8c974000 	C:\WINDOWS\System32\sechost.dll
0x00007ffc8cd50000 - 0x00007ffc8ce65000 	C:\WINDOWS\System32\RPCRT4.dll
0x00007ffc8c9e0000 - 0x00007ffc8cb8d000 	C:\WINDOWS\System32\USER32.dll
0x00007ffc8b430000 - 0x00007ffc8b456000 	C:\WINDOWS\System32\win32u.dll
0x00007ffc66820000 - 0x00007ffc66aae000 	C:\WINDOWS\WinSxS\amd64_microsoft.windows.common-controls_6595b64144ccf1df_6.0.22621.608_none_a9444ca7c10bb01d\COMCTL32.dll
0x00007ffc8be00000 - 0x00007ffc8be29000 	C:\WINDOWS\System32\GDI32.dll
0x00007ffc8baf0000 - 0x00007ffc8bc03000 	C:\WINDOWS\System32\gdi32full.dll
0x00007ffc8ba50000 - 0x00007ffc8baea000 	C:\WINDOWS\System32\msvcp_win.dll
0x00007ffc84230000 - 0x00007ffc8423a000 	C:\WINDOWS\SYSTEM32\VERSION.dll
0x00007ffc8dc70000 - 0x00007ffc8dca1000 	C:\WINDOWS\System32\IMM32.DLL
0x00007ffc83320000 - 0x00007ffc8332c000 	C:\Program Files\Java\jdk-19\bin\vcruntime140_1.dll
0x00007ffc648c0000 - 0x00007ffc6494e000 	C:\Program Files\Java\jdk-19\bin\msvcp140.dll
0x00007ffbf6e20000 - 0x00007ffbf7ae0000 	C:\Program Files\Java\jdk-19\bin\server\jvm.dll
0x00007ffc833b0000 - 0x00007ffc833b9000 	C:\WINDOWS\SYSTEM32\WSOCK32.dll
0x00007ffc841f0000 - 0x00007ffc84224000 	C:\WINDOWS\SYSTEM32\WINMM.dll
0x00007ffc8d8b0000 - 0x00007ffc8d921000 	C:\WINDOWS\System32\WS2_32.dll
0x00007ffc8a440000 - 0x00007ffc8a458000 	C:\WINDOWS\SYSTEM32\kernel.appcore.dll
0x00007ffc82f20000 - 0x00007ffc82f2a000 	C:\Program Files\Java\jdk-19\bin\jimage.dll
0x00007ffc88fa0000 - 0x00007ffc891ce000 	C:\WINDOWS\SYSTEM32\DBGHELP.DLL
0x00007ffc8be30000 - 0x00007ffc8c1b9000 	C:\WINDOWS\System32\combase.dll
0x00007ffc8d930000 - 0x00007ffc8da07000 	C:\WINDOWS\System32\OLEAUT32.dll
0x00007ffc830d0000 - 0x00007ffc83102000 	C:\WINDOWS\SYSTEM32\dbgcore.DLL
0x00007ffc8bd80000 - 0x00007ffc8bdfb000 	C:\WINDOWS\System32\bcryptPrimitives.dll
0x00007ffc7ee30000 - 0x00007ffc7ee56000 	C:\Program Files\Java\jdk-19\bin\java.dll
0x00007ffc64c20000 - 0x00007ffc64cf7000 	C:\Program Files\Java\jdk-19\bin\jsvml.dll
0x00007ffc8cf70000 - 0x00007ffc8d760000 	C:\WINDOWS\System32\SHELL32.dll
0x00007ffc893f0000 - 0x00007ffc89cbe000 	C:\WINDOWS\SYSTEM32\windows.storage.dll
0x00007ffc892b0000 - 0x00007ffc893ee000 	C:\WINDOWS\SYSTEM32\wintypes.dll
0x00007ffc8c220000 - 0x00007ffc8c311000 	C:\WINDOWS\System32\SHCORE.dll
0x00007ffc8c980000 - 0x00007ffc8c9de000 	C:\WINDOWS\System32\shlwapi.dll
0x00007ffc8b360000 - 0x00007ffc8b381000 	C:\WINDOWS\SYSTEM32\profapi.dll
0x00007ffc82e90000 - 0x00007ffc82ea3000 	C:\Program Files\Java\jdk-19\bin\net.dll
0x00007ffc840c0000 - 0x00007ffc841ef000 	C:\WINDOWS\SYSTEM32\WINHTTP.dll
0x00007ffc8a990000 - 0x00007ffc8a9f9000 	C:\WINDOWS\system32\mswsock.dll
0x00007ffc7cfc0000 - 0x00007ffc7cfd6000 	C:\Program Files\Java\jdk-19\bin\nio.dll
0x00007ffc79850000 - 0x00007ffc79868000 	C:\Program Files\Java\jdk-19\bin\zip.dll
0x00007ffc64950000 - 0x00007ffc64ae1000 	C:\Program Files\Java\jdk-19\bin\awt.dll
0x00007ffc881d0000 - 0x00007ffc88267000 	C:\WINDOWS\SYSTEM32\apphelp.dll
0x00007ffc88a70000 - 0x00007ffc88a9b000 	C:\WINDOWS\system32\DWMAPI.DLL
0x00007ffc88330000 - 0x00007ffc883db000 	C:\WINDOWS\system32\uxtheme.dll
0x00007ffc7cc20000 - 0x00007ffc7cd20000 	C:\WINDOWS\system32\opengl32.dll
0x00007ffc7cba0000 - 0x00007ffc7cbcd000 	C:\WINDOWS\SYSTEM32\GLU32.dll
0x00007ffc88740000 - 0x00007ffc88776000 	C:\WINDOWS\SYSTEM32\dxcore.dll
0x00007ffc8dcb0000 - 0x00007ffc8ddce000 	C:\WINDOWS\System32\MSCTF.dll
0x00007ffc8cb90000 - 0x00007ffc8cd2c000 	C:\WINDOWS\System32\ole32.dll
0x00007ffc75130000 - 0x00007ffc7517a000 	C:\Program Files\Java\jdk-19\bin\javaaccessbridge.dll
0x00007ffc7cff0000 - 0x00007ffc7cff7000 	C:\Program Files\Java\jdk-19\bin\jawt.dll
0x00007ffc796d0000 - 0x00007ffc796fe000 	C:\Program Files\Java\jdk-19\bin\javajpeg.dll
0x00007ffc64830000 - 0x00007ffc648b6000 	C:\Program Files\Java\jdk-19\bin\freetype.dll
0x00007ffc64760000 - 0x00007ffc64826000 	C:\Program Files\Java\jdk-19\bin\fontmanager.dll
0x00007ffc8dac0000 - 0x00007ffc8db70000 	C:\WINDOWS\System32\clbcatq.dll
0x00007ffc86850000 - 0x00007ffc86a00000 	C:\WINDOWS\SYSTEM32\WindowsCodecs.dll

dbghelp: loaded successfully - version: 4.0.5 - missing functions: none
symbol engine: initialized successfully - sym options: 0x614 - pdb path: .;C:\Program Files\Java\jdk-19\bin;C:\WINDOWS\SYSTEM32;C:\WINDOWS\WinSxS\amd64_microsoft.windows.common-controls_6595b64144ccf1df_6.0.22621.608_none_a9444ca7c10bb01d;C:\Program Files\Java\jdk-19\bin\server

VM Arguments:
jvm_args: -Dfile.encoding=UTF-8 --module-path=E:\Minor Project\E-Bill\Electricity Billing System\build\classes 
java_command: electricity.billing.system.Login
java_class_path (initial): C:\Users\shubh\Downloads\mysql-connector-java-8.0.28.jar;C:\Users\shubh\Downloads\rs2xml.jar;E:\Minor Project\E-Bill\Electricity Billing System\build\classes
Launcher Type: SUN_STANDARD

[Global flags]
     intx CICompilerCount                          = 4                                         {product} {ergonomic}
     uint ConcGCThreads                            = 3                                         {product} {ergonomic}
     uint G1ConcRefinementThreads                  = 10                                        {product} {ergonomic}
   size_t G1HeapRegionSize                         = 1048576                                   {product} {ergonomic}
    uintx GCDrainStackTargetSize                   = 64                                        {product} {ergonomic}
   size_t InitialHeapSize                          = 132120576                                 {product} {ergonomic}
   size_t MarkStackSize                            = 4194304                                   {product} {ergonomic}
   size_t MaxHeapSize                              = 2111832064                                {product} {ergonomic}
   size_t MaxNewSize                               = 1266679808                                {product} {ergonomic}
   size_t MinHeapDeltaBytes                        = 1048576                                   {product} {ergonomic}
   size_t MinHeapSize                              = 8388608                                   {product} {ergonomic}
    uintx NonNMethodCodeHeapSize                   = 5839372                                {pd product} {ergonomic}
    uintx NonProfiledCodeHeapSize                  = 122909434                              {pd product} {ergonomic}
    uintx ProfiledCodeHeapSize                     = 122909434                              {pd product} {ergonomic}
    uintx ReservedCodeCacheSize                    = 251658240                              {pd product} {ergonomic}
     bool SegmentedCodeCache                       = true                                      {product} {ergonomic}
   size_t SoftMaxHeapSize                          = 2111832064                             {manageable} {ergonomic}
     bool UseCompressedClassPointers               = true                           {product lp64_product} {ergonomic}
     bool UseCompressedOops                        = true                           {product lp64_product} {ergonomic}
     bool UseG1GC                                  = true                                      {product} {ergonomic}
     bool UseLargePagesIndividualAllocation        = false                                  {pd product} {ergonomic}

Logging:
Log output configuration:
 #0: stdout all=warning uptime,level,tags foldmultilines=false
 #1: stderr all=off uptime,level,tags foldmultilines=false

Environment Variables:
PATH=C:\Program Files\Common Files\Oracle\Java\javapath;C:\WINDOWS\system32;C:\WINDOWS;C:\WINDOWS\System32\Wbem;C:\WINDOWS\System32\WindowsPowerShell\v1.0\;C:\WINDOWS\System32\OpenSSH\;D:\Installs\Microsoft VS Code\bin;C:\Program Files\NVIDIA Corporation\NVIDIA NvDLISR;C:\Program Files\dotnet\;C:\Program Files (x86)\NVIDIA Corporation\PhysX\Common;C:\Program Files\MySQL\MySQL Shell 8.0\bin\;C:\Users\shubh\AppData\Local\Programs\Python\Python311\Scripts\;C:\Users\shubh\AppData\Local\Programs\Python\Python311\;C:\Users\shubh\AppData\Local\Microsoft\WindowsApps;;D:\Installs\IntelliJ IDEA Community Edition 2022.3.2\bin;
USERNAME=shubh
OS=Windows_NT
PROCESSOR_IDENTIFIER=Intel64 Family 6 Model 158 Stepping 10, GenuineIntel
TMP=C:\Users\shubh\AppData\Local\Temp
TEMP=C:\Users\shubh\AppData\Local\Temp



---------------  S Y S T E M  ---------------

OS:
 Windows 11 , 64 bit Build 22621 (10.0.22621.1344)
OS uptime: 2 days 0:48 hours
Hyper-V role detected

CPU: total 12 (initial active 12) (6 cores per cpu, 2 threads per core) family 6 model 158 stepping 10 microcode 0xf0, cx8, cmov, fxsr, ht, mmx, 3dnowpref, sse, sse2, sse3, ssse3, sse4.1, sse4.2, popcnt, lzcnt, tsc, tscinvbit, avx, avx2, aes, erms, clmul, bmi1, bmi2, adx, fma, vzeroupper, clflush, clflushopt, hv, rdtscp

Memory: 4k page, system-wide physical 8050M (391M free)
TotalPageFile size 21215M (AvailPageFile size 0M)
current process WorkingSet (physical memory assigned to process): 69M, peak: 69M
current process commit charge ("private bytes"): 229M, peak: 230M

vm_info: Java HotSpot(TM) 64-Bit Server VM (19.0.2+7-44) for windows-amd64 JRE (19.0.2+7-44), built on 2022-11-30T18:02:09Z by "mach5one" with MS VC++ 17.1 (VS2022)

END.
