#
# There is insufficient memory for the Java Runtime Environment to continue.
# Native memory allocation (mmap) failed to map 65536 bytes for Failed to commit metaspace.
# Possible reasons:
#   The system is out of physical RAM or swap space
#   The process is running with CompressedOops enabled, and the Java Heap may be blocking the growth of the native heap
# Possible solutions:
#   Reduce memory load on the system
#   Increase physical memory or swap space
#   Check if swap backing store is full
#   Decrease Java heap size (-Xmx/-Xms)
#   Decrease number of Java threads
#   Decrease Java thread stack sizes (-Xss)
#   Set larger code cache with -XX:ReservedCodeCacheSize=
#   JVM is running with Unscaled Compressed Oops mode in which the Java heap is
#     placed in the first 4GB address space. The Java Heap base address is the
#     maximum limit for the native heap growth. Please use -XX:HeapBaseMinAddress
#     to set the Java Heap base and to place the Java Heap above 4GB virtual address.
# This output file may be truncated or incomplete.
#
#  Out of Memory Error (virtualSpaceNode.cpp:110), pid=23920, tid=25992
#
# JRE version: Java(TM) SE Runtime Environment (19.0.2+7) (build 19.0.2+7-44)
# Java VM: Java HotSpot(TM) 64-Bit Server VM (19.0.2+7-44, mixed mode, sharing, tiered, compressed oops, compressed class ptrs, g1 gc, windows-amd64)
# No core dump will be written. Minidumps are not enabled by default on client versions of Windows
#

---------------  S U M M A R Y ------------

Command Line: -Dfile.encoding=UTF-8 --module-path=E:\Minor Project\E-Bill\Electricity Billing System\build\classes electricity.billing.system.NewCustomer

Host: Intel(R) Core(TM) i7-8750H CPU @ 2.20GHz, 12 cores, 7G,  Windows 11 , 64 bit Build 22621 (10.0.22621.1194)
Time: Fri Feb 24 16:19:36 2023 India Standard Time elapsed time: 0.268660 seconds (0d 0h 0m 0s)

---------------  T H R E A D  ---------------

Current thread (0x000001845b5f53c0):  JavaThread "main" [_thread_in_vm, id=25992, stack(0x0000003f58b00000,0x0000003f58c00000)]

Stack: [0x0000003f58b00000,0x0000003f58c00000]
Native frames: (J=compiled Java code, j=interpreted, Vv=VM code, C=native code)
V  [jvm.dll+0x6ee21a]
V  [jvm.dll+0x85765e]
V  [jvm.dll+0x85904e]
V  [jvm.dll+0x859703]
V  [jvm.dll+0x28298f]
V  [jvm.dll+0x8532db]
V  [jvm.dll+0x692cb6]
V  [jvm.dll+0x692d1a]
V  [jvm.dll+0x695613]
V  [jvm.dll+0x6954de]
V  [jvm.dll+0x6936de]
V  [jvm.dll+0x26e12f]
V  [jvm.dll+0x69dcc5]
V  [jvm.dll+0x21e072]
V  [jvm.dll+0x21e5a5]
V  [jvm.dll+0x21ef01]
V  [jvm.dll+0x2146a1]
V  [jvm.dll+0x5a9cb6]
V  [jvm.dll+0x2257aa]
V  [jvm.dll+0x7cc802]
V  [jvm.dll+0x7cdc4a]
V  [jvm.dll+0x7cdf78]
V  [jvm.dll+0x271e1b]
V  [jvm.dll+0x3da25e]
C  0x000001846aabd31d

Java frames: (J=compiled Java code, j=interpreted, Vv=VM code)
j  javax.swing.UIManager.maybeInitializeFocusPolicy(Ljavax/swing/JComponent;)V+38 java.desktop@19.0.2
j  javax.swing.UIManager.getUI(Ljavax/swing/JComponent;)Ljavax/swing/plaf/ComponentUI;+4 java.desktop@19.0.2
j  javax.swing.JRootPane.updateUI()V+2 java.desktop@19.0.2
j  javax.swing.JRootPane.<init>()V+47 java.desktop@19.0.2
j  javax.swing.JFrame.createRootPane()Ljavax/swing/JRootPane;+4 java.desktop@19.0.2
j  javax.swing.JFrame.frameInit()V+16 java.desktop@19.0.2
j  javax.swing.JFrame.<init>()V+20 java.desktop@19.0.2
j  electricity.billing.system.NewCustomer.<init>()V+1
j  electricity.billing.system.NewCustomer.main([Ljava/lang/String;)V+4
v  ~StubRoutines::call_stub 0x000001846aa9100e

---------------  P R O C E S S  ---------------

Threads class SMR info:
_java_thread_list=0x000001847e78ba50, length=17, elements={
0x000001845b5f53c0, 0x0000018479ebda60, 0x0000018479ebe490, 0x0000018479ec6e00,
0x0000018479ec7f40, 0x0000018479ecad80, 0x0000018479ed81c0, 0x0000018479ee1780,
0x000001847e420090, 0x000001847e420610, 0x000001847e4c61e0, 0x000001847e5aa900,
0x000001847e7763f0, 0x000001847e77d400, 0x000001847e791100, 0x000001847e7c92f0,
0x000001847e7d7470
}

Java Threads: ( => current thread )
=>0x000001845b5f53c0 JavaThread "main" [_thread_in_vm, id=25992, stack(0x0000003f58b00000,0x0000003f58c00000)]
  0x0000018479ebda60 JavaThread "Reference Handler" daemon [_thread_blocked, id=9336, stack(0x0000003f59200000,0x0000003f59300000)]
  0x0000018479ebe490 JavaThread "Finalizer" daemon [_thread_blocked, id=24244, stack(0x0000003f59300000,0x0000003f59400000)]
  0x0000018479ec6e00 JavaThread "Signal Dispatcher" daemon [_thread_blocked, id=19128, stack(0x0000003f59400000,0x0000003f59500000)]
  0x0000018479ec7f40 JavaThread "Attach Listener" daemon [_thread_blocked, id=22176, stack(0x0000003f59500000,0x0000003f59600000)]
  0x0000018479ecad80 JavaThread "Service Thread" daemon [_thread_blocked, id=24808, stack(0x0000003f59600000,0x0000003f59700000)]
  0x0000018479ed81c0 JavaThread "Monitor Deflation Thread" daemon [_thread_blocked, id=20444, stack(0x0000003f59700000,0x0000003f59800000)]
  0x0000018479ee1780 JavaThread "C2 CompilerThread0" daemon [_thread_blocked, id=17968, stack(0x0000003f59800000,0x0000003f59900000)]
  0x000001847e420090 JavaThread "C1 CompilerThread0" daemon [_thread_blocked, id=25848, stack(0x0000003f59900000,0x0000003f59a00000)]
  0x000001847e420610 JavaThread "Sweeper thread" daemon [_thread_blocked, id=11392, stack(0x0000003f59a00000,0x0000003f59b00000)]
  0x000001847e4c61e0 JavaThread "Common-Cleaner" daemon [_thread_blocked, id=30252, stack(0x0000003f59b00000,0x0000003f59c00000)]
  0x000001847e5aa900 JavaThread "Notification Thread" daemon [_thread_blocked, id=22952, stack(0x0000003f59c00000,0x0000003f59d00000)]
  0x000001847e7763f0 JavaThread "Java2D Disposer" daemon [_thread_blocked, id=20268, stack(0x0000003f59e00000,0x0000003f59f00000)]
  0x000001847e77d400 JavaThread "AWT-Shutdown" [_thread_blocked, id=28576, stack(0x0000003f59f00000,0x0000003f5a000000)]
  0x000001847e791100 JavaThread "AWT-Windows" daemon [_thread_in_native, id=29896, stack(0x0000003f5a000000,0x0000003f5a100000)]
  0x000001847e7c92f0 JavaThread "EventQueueMonitor-ComponentEvtDispatch" daemon [_thread_blocked, id=3780, stack(0x0000003f5a100000,0x0000003f5a200000)]
  0x000001847e7d7470 JavaThread "Thread-1" daemon [_thread_in_native, id=23032, stack(0x0000003f5a200000,0x0000003f5a300000)]

Other Threads:
  0x0000018479eaa7f0 VMThread "VM Thread" [stack: 0x0000003f59100000,0x0000003f59200000] [id=12872]
  0x000001847e5ab860 WatcherThread "VM Periodic Task Thread" [stack: 0x0000003f59d00000,0x0000003f59e00000] [id=14380]
  0x000001845b656e00 WorkerThread "GC Thread#0" [stack: 0x0000003f58c00000,0x0000003f58d00000] [id=16532]
  0x000001845b667920 ConcurrentGCThread "G1 Main Marker" [stack: 0x0000003f58d00000,0x0000003f58e00000] [id=23752]
  0x000001845b668650 WorkerThread "G1 Conc#0" [stack: 0x0000003f58e00000,0x0000003f58f00000] [id=20380]
  0x0000018479d62740 ConcurrentGCThread "G1 Refine#0" [stack: 0x0000003f58f00000,0x0000003f59000000] [id=15280]
  0x0000018479d64130 ConcurrentGCThread "G1 Service" [stack: 0x0000003f59000000,0x0000003f59100000] [id=5704]

Threads with active compile tasks:

VM state: not at safepoint (normal execution)

VM Mutex/Monitor currently owned by a thread:  ([mutex/lock_event])
[0x000001845b5f1460] Metaspace_lock - owner thread: 0x000001845b5f53c0

Heap address: 0x0000000082200000, size: 2014 MB, Compressed Oops mode: 32-bit

CDS archive(s) mapped at: [0x0000000800000000-0x0000000800c40000-0x0000000800c40000), size 12845056, SharedBaseAddress: 0x0000000800000000, ArchiveRelocationMode: 0.
Compressed class space mapped at: 0x0000000801000000-0x0000000841000000, reserved size: 1073741824
Narrow klass base: 0x0000000800000000, Narrow klass shift: 0, Narrow klass range: 0x100000000

GC Precious Log:
 CardTable entry size: 512
 Card Set container configuration: InlinePtr #cards 5 size 8 Array Of Cards #cards 12 size 40 Howl #buckets 4 coarsen threshold 1843 Howl Bitmap #cards 512 size 80 coarsen threshold 460 Card regions per heap region 1 cards per card region 2048
 CPUs: 12 total, 12 available
 Memory: 8050M
 Large Page Support: Disabled
 NUMA Support: Disabled
 Compressed Oops: Enabled (32-bit)
 Heap Region Size: 1M
 Heap Min Capacity: 8M
 Heap Initial Capacity: 126M
 Heap Max Capacity: 2014M
 Pre-touch: Disabled
 Parallel Workers: 10
 Concurrent Workers: 3
 Concurrent Refinement Workers: 10
 Periodic GC: Disabled

Heap:
 garbage-first heap   total 129024K, used 6144K [0x0000000082200000, 0x0000000100000000)
  region size 1024K, 7 young (7168K), 0 survivors (0K)
 Metaspace       used 4271K, committed 4416K, reserved 1114112K
  class space    used 443K, committed 512K, reserved 1048576K

Heap Regions: E=young(eden), S=young(survivor), O=old, HS=humongous(starts), HC=humongous(continues), CS=collection set, F=free, OA=open archive, CA=closed archive, TAMS=top-at-mark-start (previous, next)
|   0|0x0000000082200000, 0x0000000082200000, 0x0000000082300000|  0%| F|  |TAMS 0x0000000082200000, 0x0000000082200000| Untracked 
|   1|0x0000000082300000, 0x0000000082300000, 0x0000000082400000|  0%| F|  |TAMS 0x0000000082300000, 0x0000000082300000| Untracked 
|   2|0x0000000082400000, 0x0000000082400000, 0x0000000082500000|  0%| F|  |TAMS 0x0000000082400000, 0x0000000082400000| Untracked 
|   3|0x0000000082500000, 0x0000000082500000, 0x0000000082600000|  0%| F|  |TAMS 0x0000000082500000, 0x0000000082500000| Untracked 
|   4|0x0000000082600000, 0x0000000082600000, 0x0000000082700000|  0%| F|  |TAMS 0x0000000082600000, 0x0000000082600000| Untracked 
|   5|0x0000000082700000, 0x0000000082700000, 0x0000000082800000|  0%| F|  |TAMS 0x0000000082700000, 0x0000000082700000| Untracked 
|   6|0x0000000082800000, 0x0000000082800000, 0x0000000082900000|  0%| F|  |TAMS 0x0000000082800000, 0x0000000082800000| Untracked 
|   7|0x0000000082900000, 0x0000000082900000, 0x0000000082a00000|  0%| F|  |TAMS 0x0000000082900000, 0x0000000082900000| Untracked 
|   8|0x0000000082a00000, 0x0000000082a00000, 0x0000000082b00000|  0%| F|  |TAMS 0x0000000082a00000, 0x0000000082a00000| Untracked 
|   9|0x0000000082b00000, 0x0000000082b00000, 0x0000000082c00000|  0%| F|  |TAMS 0x0000000082b00000, 0x0000000082b00000| Untracked 
|  10|0x0000000082c00000, 0x0000000082c00000, 0x0000000082d00000|  0%| F|  |TAMS 0x0000000082c00000, 0x0000000082c00000| Untracked 
|  11|0x0000000082d00000, 0x0000000082d00000, 0x0000000082e00000|  0%| F|  |TAMS 0x0000000082d00000, 0x0000000082d00000| Untracked 
|  12|0x0000000082e00000, 0x0000000082e00000, 0x0000000082f00000|  0%| F|  |TAMS 0x0000000082e00000, 0x0000000082e00000| Untracked 
|  13|0x0000000082f00000, 0x0000000082f00000, 0x0000000083000000|  0%| F|  |TAMS 0x0000000082f00000, 0x0000000082f00000| Untracked 
|  14|0x0000000083000000, 0x0000000083000000, 0x0000000083100000|  0%| F|  |TAMS 0x0000000083000000, 0x0000000083000000| Untracked 
|  15|0x0000000083100000, 0x0000000083100000, 0x0000000083200000|  0%| F|  |TAMS 0x0000000083100000, 0x0000000083100000| Untracked 
|  16|0x0000000083200000, 0x0000000083200000, 0x0000000083300000|  0%| F|  |TAMS 0x0000000083200000, 0x0000000083200000| Untracked 
|  17|0x0000000083300000, 0x0000000083300000, 0x0000000083400000|  0%| F|  |TAMS 0x0000000083300000, 0x0000000083300000| Untracked 
|  18|0x0000000083400000, 0x0000000083400000, 0x0000000083500000|  0%| F|  |TAMS 0x0000000083400000, 0x0000000083400000| Untracked 
|  19|0x0000000083500000, 0x0000000083500000, 0x0000000083600000|  0%| F|  |TAMS 0x0000000083500000, 0x0000000083500000| Untracked 
|  20|0x0000000083600000, 0x0000000083600000, 0x0000000083700000|  0%| F|  |TAMS 0x0000000083600000, 0x0000000083600000| Untracked 
|  21|0x0000000083700000, 0x0000000083700000, 0x0000000083800000|  0%| F|  |TAMS 0x0000000083700000, 0x0000000083700000| Untracked 
|  22|0x0000000083800000, 0x0000000083800000, 0x0000000083900000|  0%| F|  |TAMS 0x0000000083800000, 0x0000000083800000| Untracked 
|  23|0x0000000083900000, 0x0000000083900000, 0x0000000083a00000|  0%| F|  |TAMS 0x0000000083900000, 0x0000000083900000| Untracked 
|  24|0x0000000083a00000, 0x0000000083a00000, 0x0000000083b00000|  0%| F|  |TAMS 0x0000000083a00000, 0x0000000083a00000| Untracked 
|  25|0x0000000083b00000, 0x0000000083b00000, 0x0000000083c00000|  0%| F|  |TAMS 0x0000000083b00000, 0x0000000083b00000| Untracked 
|  26|0x0000000083c00000, 0x0000000083c00000, 0x0000000083d00000|  0%| F|  |TAMS 0x0000000083c00000, 0x0000000083c00000| Untracked 
|  27|0x0000000083d00000, 0x0000000083d00000, 0x0000000083e00000|  0%| F|  |TAMS 0x0000000083d00000, 0x0000000083d00000| Untracked 
|  28|0x0000000083e00000, 0x0000000083e00000, 0x0000000083f00000|  0%| F|  |TAMS 0x0000000083e00000, 0x0000000083e00000| Untracked 
|  29|0x0000000083f00000, 0x0000000083f00000, 0x0000000084000000|  0%| F|  |TAMS 0x0000000083f00000, 0x0000000083f00000| Untracked 
|  30|0x0000000084000000, 0x0000000084000000, 0x0000000084100000|  0%| F|  |TAMS 0x0000000084000000, 0x0000000084000000| Untracked 
|  31|0x0000000084100000, 0x0000000084100000, 0x0000000084200000|  0%| F|  |TAMS 0x0000000084100000, 0x0000000084100000| Untracked 
|  32|0x0000000084200000, 0x0000000084200000, 0x0000000084300000|  0%| F|  |TAMS 0x0000000084200000, 0x0000000084200000| Untracked 
|  33|0x0000000084300000, 0x0000000084300000, 0x0000000084400000|  0%| F|  |TAMS 0x0000000084300000, 0x0000000084300000| Untracked 
|  34|0x0000000084400000, 0x0000000084400000, 0x0000000084500000|  0%| F|  |TAMS 0x0000000084400000, 0x0000000084400000| Untracked 
|  35|0x0000000084500000, 0x0000000084500000, 0x0000000084600000|  0%| F|  |TAMS 0x0000000084500000, 0x0000000084500000| Untracked 
|  36|0x0000000084600000, 0x0000000084600000, 0x0000000084700000|  0%| F|  |TAMS 0x0000000084600000, 0x0000000084600000| Untracked 
|  37|0x0000000084700000, 0x0000000084700000, 0x0000000084800000|  0%| F|  |TAMS 0x0000000084700000, 0x0000000084700000| Untracked 
|  38|0x0000000084800000, 0x0000000084800000, 0x0000000084900000|  0%| F|  |TAMS 0x0000000084800000, 0x0000000084800000| Untracked 
|  39|0x0000000084900000, 0x0000000084900000, 0x0000000084a00000|  0%| F|  |TAMS 0x0000000084900000, 0x0000000084900000| Untracked 
|  40|0x0000000084a00000, 0x0000000084a00000, 0x0000000084b00000|  0%| F|  |TAMS 0x0000000084a00000, 0x0000000084a00000| Untracked 
|  41|0x0000000084b00000, 0x0000000084b00000, 0x0000000084c00000|  0%| F|  |TAMS 0x0000000084b00000, 0x0000000084b00000| Untracked 
|  42|0x0000000084c00000, 0x0000000084c00000, 0x0000000084d00000|  0%| F|  |TAMS 0x0000000084c00000, 0x0000000084c00000| Untracked 
|  43|0x0000000084d00000, 0x0000000084d00000, 0x0000000084e00000|  0%| F|  |TAMS 0x0000000084d00000, 0x0000000084d00000| Untracked 
|  44|0x0000000084e00000, 0x0000000084e00000, 0x0000000084f00000|  0%| F|  |TAMS 0x0000000084e00000, 0x0000000084e00000| Untracked 
|  45|0x0000000084f00000, 0x0000000084f00000, 0x0000000085000000|  0%| F|  |TAMS 0x0000000084f00000, 0x0000000084f00000| Untracked 
|  46|0x0000000085000000, 0x0000000085000000, 0x0000000085100000|  0%| F|  |TAMS 0x0000000085000000, 0x0000000085000000| Untracked 
|  47|0x0000000085100000, 0x0000000085100000, 0x0000000085200000|  0%| F|  |TAMS 0x0000000085100000, 0x0000000085100000| Untracked 
|  48|0x0000000085200000, 0x0000000085200000, 0x0000000085300000|  0%| F|  |TAMS 0x0000000085200000, 0x0000000085200000| Untracked 
|  49|0x0000000085300000, 0x0000000085300000, 0x0000000085400000|  0%| F|  |TAMS 0x0000000085300000, 0x0000000085300000| Untracked 
|  50|0x0000000085400000, 0x0000000085400000, 0x0000000085500000|  0%| F|  |TAMS 0x0000000085400000, 0x0000000085400000| Untracked 
|  51|0x0000000085500000, 0x0000000085500000, 0x0000000085600000|  0%| F|  |TAMS 0x0000000085500000, 0x0000000085500000| Untracked 
|  52|0x0000000085600000, 0x0000000085600000, 0x0000000085700000|  0%| F|  |TAMS 0x0000000085600000, 0x0000000085600000| Untracked 
|  53|0x0000000085700000, 0x0000000085700000, 0x0000000085800000|  0%| F|  |TAMS 0x0000000085700000, 0x0000000085700000| Untracked 
|  54|0x0000000085800000, 0x0000000085800000, 0x0000000085900000|  0%| F|  |TAMS 0x0000000085800000, 0x0000000085800000| Untracked 
|  55|0x0000000085900000, 0x0000000085900000, 0x0000000085a00000|  0%| F|  |TAMS 0x0000000085900000, 0x0000000085900000| Untracked 
|  56|0x0000000085a00000, 0x0000000085a00000, 0x0000000085b00000|  0%| F|  |TAMS 0x0000000085a00000, 0x0000000085a00000| Untracked 
|  57|0x0000000085b00000, 0x0000000085b00000, 0x0000000085c00000|  0%| F|  |TAMS 0x0000000085b00000, 0x0000000085b00000| Untracked 
|  58|0x0000000085c00000, 0x0000000085c00000, 0x0000000085d00000|  0%| F|  |TAMS 0x0000000085c00000, 0x0000000085c00000| Untracked 
|  59|0x0000000085d00000, 0x0000000085d00000, 0x0000000085e00000|  0%| F|  |TAMS 0x0000000085d00000, 0x0000000085d00000| Untracked 
|  60|0x0000000085e00000, 0x0000000085e00000, 0x0000000085f00000|  0%| F|  |TAMS 0x0000000085e00000, 0x0000000085e00000| Untracked 
|  61|0x0000000085f00000, 0x0000000085f00000, 0x0000000086000000|  0%| F|  |TAMS 0x0000000085f00000, 0x0000000085f00000| Untracked 
|  62|0x0000000086000000, 0x0000000086000000, 0x0000000086100000|  0%| F|  |TAMS 0x0000000086000000, 0x0000000086000000| Untracked 
|  63|0x0000000086100000, 0x0000000086100000, 0x0000000086200000|  0%| F|  |TAMS 0x0000000086100000, 0x0000000086100000| Untracked 
|  64|0x0000000086200000, 0x0000000086200000, 0x0000000086300000|  0%| F|  |TAMS 0x0000000086200000, 0x0000000086200000| Untracked 
|  65|0x0000000086300000, 0x0000000086300000, 0x0000000086400000|  0%| F|  |TAMS 0x0000000086300000, 0x0000000086300000| Untracked 
|  66|0x0000000086400000, 0x0000000086400000, 0x0000000086500000|  0%| F|  |TAMS 0x0000000086400000, 0x0000000086400000| Untracked 
|  67|0x0000000086500000, 0x0000000086500000, 0x0000000086600000|  0%| F|  |TAMS 0x0000000086500000, 0x0000000086500000| Untracked 
|  68|0x0000000086600000, 0x0000000086600000, 0x0000000086700000|  0%| F|  |TAMS 0x0000000086600000, 0x0000000086600000| Untracked 
|  69|0x0000000086700000, 0x0000000086700000, 0x0000000086800000|  0%| F|  |TAMS 0x0000000086700000, 0x0000000086700000| Untracked 
|  70|0x0000000086800000, 0x0000000086800000, 0x0000000086900000|  0%| F|  |TAMS 0x0000000086800000, 0x0000000086800000| Untracked 
|  71|0x0000000086900000, 0x0000000086900000, 0x0000000086a00000|  0%| F|  |TAMS 0x0000000086900000, 0x0000000086900000| Untracked 
|  72|0x0000000086a00000, 0x0000000086a00000, 0x0000000086b00000|  0%| F|  |TAMS 0x0000000086a00000, 0x0000000086a00000| Untracked 
|  73|0x0000000086b00000, 0x0000000086b00000, 0x0000000086c00000|  0%| F|  |TAMS 0x0000000086b00000, 0x0000000086b00000| Untracked 
|  74|0x0000000086c00000, 0x0000000086c00000, 0x0000000086d00000|  0%| F|  |TAMS 0x0000000086c00000, 0x0000000086c00000| Untracked 
|  75|0x0000000086d00000, 0x0000000086d00000, 0x0000000086e00000|  0%| F|  |TAMS 0x0000000086d00000, 0x0000000086d00000| Untracked 
|  76|0x0000000086e00000, 0x0000000086e00000, 0x0000000086f00000|  0%| F|  |TAMS 0x0000000086e00000, 0x0000000086e00000| Untracked 
|  77|0x0000000086f00000, 0x0000000086f00000, 0x0000000087000000|  0%| F|  |TAMS 0x0000000086f00000, 0x0000000086f00000| Untracked 
|  78|0x0000000087000000, 0x0000000087000000, 0x0000000087100000|  0%| F|  |TAMS 0x0000000087000000, 0x0000000087000000| Untracked 
|  79|0x0000000087100000, 0x0000000087100000, 0x0000000087200000|  0%| F|  |TAMS 0x0000000087100000, 0x0000000087100000| Untracked 
|  80|0x0000000087200000, 0x0000000087200000, 0x0000000087300000|  0%| F|  |TAMS 0x0000000087200000, 0x0000000087200000| Untracked 
|  81|0x0000000087300000, 0x0000000087300000, 0x0000000087400000|  0%| F|  |TAMS 0x0000000087300000, 0x0000000087300000| Untracked 
|  82|0x0000000087400000, 0x0000000087400000, 0x0000000087500000|  0%| F|  |TAMS 0x0000000087400000, 0x0000000087400000| Untracked 
|  83|0x0000000087500000, 0x0000000087500000, 0x0000000087600000|  0%| F|  |TAMS 0x0000000087500000, 0x0000000087500000| Untracked 
|  84|0x0000000087600000, 0x0000000087600000, 0x0000000087700000|  0%| F|  |TAMS 0x0000000087600000, 0x0000000087600000| Untracked 
|  85|0x0000000087700000, 0x0000000087700000, 0x0000000087800000|  0%| F|  |TAMS 0x0000000087700000, 0x0000000087700000| Untracked 
|  86|0x0000000087800000, 0x0000000087800000, 0x0000000087900000|  0%| F|  |TAMS 0x0000000087800000, 0x0000000087800000| Untracked 
|  87|0x0000000087900000, 0x0000000087900000, 0x0000000087a00000|  0%| F|  |TAMS 0x0000000087900000, 0x0000000087900000| Untracked 
|  88|0x0000000087a00000, 0x0000000087a00000, 0x0000000087b00000|  0%| F|  |TAMS 0x0000000087a00000, 0x0000000087a00000| Untracked 
|  89|0x0000000087b00000, 0x0000000087b00000, 0x0000000087c00000|  0%| F|  |TAMS 0x0000000087b00000, 0x0000000087b00000| Untracked 
|  90|0x0000000087c00000, 0x0000000087c00000, 0x0000000087d00000|  0%| F|  |TAMS 0x0000000087c00000, 0x0000000087c00000| Untracked 
|  91|0x0000000087d00000, 0x0000000087d00000, 0x0000000087e00000|  0%| F|  |TAMS 0x0000000087d00000, 0x0000000087d00000| Untracked 
|  92|0x0000000087e00000, 0x0000000087e00000, 0x0000000087f00000|  0%| F|  |TAMS 0x0000000087e00000, 0x0000000087e00000| Untracked 
|  93|0x0000000087f00000, 0x0000000087f00000, 0x0000000088000000|  0%| F|  |TAMS 0x0000000087f00000, 0x0000000087f00000| Untracked 
|  94|0x0000000088000000, 0x0000000088000000, 0x0000000088100000|  0%| F|  |TAMS 0x0000000088000000, 0x0000000088000000| Untracked 
|  95|0x0000000088100000, 0x0000000088100000, 0x0000000088200000|  0%| F|  |TAMS 0x0000000088100000, 0x0000000088100000| Untracked 
|  96|0x0000000088200000, 0x0000000088200000, 0x0000000088300000|  0%| F|  |TAMS 0x0000000088200000, 0x0000000088200000| Untracked 
|  97|0x0000000088300000, 0x0000000088300000, 0x0000000088400000|  0%| F|  |TAMS 0x0000000088300000, 0x0000000088300000| Untracked 
|  98|0x0000000088400000, 0x0000000088400000, 0x0000000088500000|  0%| F|  |TAMS 0x0000000088400000, 0x0000000088400000| Untracked 
|  99|0x0000000088500000, 0x0000000088500000, 0x0000000088600000|  0%| F|  |TAMS 0x0000000088500000, 0x0000000088500000| Untracked 
| 100|0x0000000088600000, 0x0000000088600000, 0x0000000088700000|  0%| F|  |TAMS 0x0000000088600000, 0x0000000088600000| Untracked 
| 101|0x0000000088700000, 0x0000000088700000, 0x0000000088800000|  0%| F|  |TAMS 0x0000000088700000, 0x0000000088700000| Untracked 
| 102|0x0000000088800000, 0x0000000088800000, 0x0000000088900000|  0%| F|  |TAMS 0x0000000088800000, 0x0000000088800000| Untracked 
| 103|0x0000000088900000, 0x0000000088900000, 0x0000000088a00000|  0%| F|  |TAMS 0x0000000088900000, 0x0000000088900000| Untracked 
| 104|0x0000000088a00000, 0x0000000088a00000, 0x0000000088b00000|  0%| F|  |TAMS 0x0000000088a00000, 0x0000000088a00000| Untracked 
| 105|0x0000000088b00000, 0x0000000088b00000, 0x0000000088c00000|  0%| F|  |TAMS 0x0000000088b00000, 0x0000000088b00000| Untracked 
| 106|0x0000000088c00000, 0x0000000088c00000, 0x0000000088d00000|  0%| F|  |TAMS 0x0000000088c00000, 0x0000000088c00000| Untracked 
| 107|0x0000000088d00000, 0x0000000088d00000, 0x0000000088e00000|  0%| F|  |TAMS 0x0000000088d00000, 0x0000000088d00000| Untracked 
| 108|0x0000000088e00000, 0x0000000088e00000, 0x0000000088f00000|  0%| F|  |TAMS 0x0000000088e00000, 0x0000000088e00000| Untracked 
| 109|0x0000000088f00000, 0x0000000088f00000, 0x0000000089000000|  0%| F|  |TAMS 0x0000000088f00000, 0x0000000088f00000| Untracked 
| 110|0x0000000089000000, 0x0000000089000000, 0x0000000089100000|  0%| F|  |TAMS 0x0000000089000000, 0x0000000089000000| Untracked 
| 111|0x0000000089100000, 0x0000000089100000, 0x0000000089200000|  0%| F|  |TAMS 0x0000000089100000, 0x0000000089100000| Untracked 
| 112|0x0000000089200000, 0x0000000089200000, 0x0000000089300000|  0%| F|  |TAMS 0x0000000089200000, 0x0000000089200000| Untracked 
| 113|0x0000000089300000, 0x0000000089300000, 0x0000000089400000|  0%| F|  |TAMS 0x0000000089300000, 0x0000000089300000| Untracked 
| 114|0x0000000089400000, 0x0000000089400000, 0x0000000089500000|  0%| F|  |TAMS 0x0000000089400000, 0x0000000089400000| Untracked 
| 115|0x0000000089500000, 0x0000000089500000, 0x0000000089600000|  0%| F|  |TAMS 0x0000000089500000, 0x0000000089500000| Untracked 
| 116|0x0000000089600000, 0x0000000089600000, 0x0000000089700000|  0%| F|  |TAMS 0x0000000089600000, 0x0000000089600000| Untracked 
| 117|0x0000000089700000, 0x0000000089700000, 0x0000000089800000|  0%| F|  |TAMS 0x0000000089700000, 0x0000000089700000| Untracked 
| 118|0x0000000089800000, 0x0000000089800000, 0x0000000089900000|  0%| F|  |TAMS 0x0000000089800000, 0x0000000089800000| Untracked 
| 119|0x0000000089900000, 0x0000000089976478, 0x0000000089a00000| 46%| E|  |TAMS 0x0000000089900000, 0x0000000089900000| Complete 
| 120|0x0000000089a00000, 0x0000000089b00000, 0x0000000089b00000|100%| E|CS|TAMS 0x0000000089a00000, 0x0000000089a00000| Complete 
| 121|0x0000000089b00000, 0x0000000089c00000, 0x0000000089c00000|100%| E|CS|TAMS 0x0000000089b00000, 0x0000000089b00000| Complete 
| 122|0x0000000089c00000, 0x0000000089d00000, 0x0000000089d00000|100%| E|CS|TAMS 0x0000000089c00000, 0x0000000089c00000| Complete 
| 123|0x0000000089d00000, 0x0000000089e00000, 0x0000000089e00000|100%| E|CS|TAMS 0x0000000089d00000, 0x0000000089d00000| Complete 
| 124|0x0000000089e00000, 0x0000000089f00000, 0x0000000089f00000|100%| E|CS|TAMS 0x0000000089e00000, 0x0000000089e00000| Complete 
| 125|0x0000000089f00000, 0x000000008a000000, 0x000000008a000000|100%| E|CS|TAMS 0x0000000089f00000, 0x0000000089f00000| Complete 

Card table byte_map: [0x0000018472ea0000,0x0000018473290000] _byte_map_base: 0x0000018472a8f000

Marking Bits (Prev, Next): (CMBitMap*) 0x000001845b657430, (CMBitMap*) 0x000001845b657470
 Prev Bits: [0x0000018473680000, 0x00000184755f8000)
 Next Bits: [0x0000018475600000, 0x0000018477578000)

Polling page: 0x0000018459590000

Metaspace:

Usage:
  Non-class:      3.74 MB used.
      Class:    443.80 KB used.
       Both:      4.17 MB used.

Virtual space:
  Non-class space:       64.00 MB reserved,       3.81 MB (  6%) committed,  1 nodes.
      Class space:        1.00 GB reserved,     512.00 KB ( <1%) committed,  1 nodes.
             Both:        1.06 GB reserved,       4.31 MB ( <1%) committed. 

Chunk freelists:
   Non-Class:  3.72 MB
       Class:  3.52 MB
        Both:  7.24 MB

MaxMetaspaceSize: unlimited
CompressedClassSpaceSize: 1.00 GB
Initial GC threshold: 21.00 MB
Current GC threshold: 21.00 MB
CDS: on
MetaspaceReclaimPolicy: balanced
 - commit_granule_bytes: 65536.
 - commit_granule_words: 8192.
 - virtual_space_node_default_size: 8388608.
 - enlarge_chunks_in_place: 1.
 - new_chunks_are_fully_committed: 0.
 - uncommit_free_chunks: 1.
 - use_allocation_guard: 0.


Internal statistics:

num_allocs_failed_limit: 0.
num_arena_births: 120.
num_arena_deaths: 0.
num_vsnodes_births: 2.
num_vsnodes_deaths: 0.
num_space_committed: 69.
num_space_uncommitted: 0.
num_chunks_returned_to_freelist: 0.
num_chunks_taken_from_freelist: 134.
num_chunk_merges: 0.
num_chunk_splits: 93.
num_chunks_enlarged: 62.
num_inconsistent_stats: 0.

CodeHeap 'non-profiled nmethods': size=120000Kb used=167Kb max_used=167Kb free=119832Kb
 bounds [0x000001846b030000, 0x000001846b2a0000, 0x0000018472560000]
CodeHeap 'profiled nmethods': size=120000Kb used=769Kb max_used=769Kb free=119230Kb
 bounds [0x0000018463560000, 0x00000184637d0000, 0x000001846aa90000]
CodeHeap 'non-nmethods': size=5760Kb used=1276Kb max_used=1293Kb free=4483Kb
 bounds [0x000001846aa90000, 0x000001846ad00000, 0x000001846b030000]
 total_blobs=1044 nmethods=546 adapters=409
 compilation: enabled
              stopped_count=0, restarted_count=0
 full_count=0

Compilation events (20 events):
Event: 0.255 Thread 0x000001847e420090  537       3       java.util.ArrayList::elementData (7 bytes)
Event: 0.255 Thread 0x000001847e420090 nmethod 537 0x000001846361af10 code [0x000001846361b0a0, 0x000001846361b1d8]
Event: 0.255 Thread 0x000001847e420090  538       3       java.lang.CharacterDataLatin1::getProperties (11 bytes)
Event: 0.255 Thread 0x000001847e420090 nmethod 538 0x000001846361b290 code [0x000001846361b420, 0x000001846361b558]
Event: 0.256 Thread 0x000001847e420090  539       3       java.lang.CharacterData::of (136 bytes)
Event: 0.256 Thread 0x000001847e420090 nmethod 539 0x000001846361b610 code [0x000001846361b860, 0x000001846361c1f8]
Event: 0.256 Thread 0x000001847e420090  542       3       java.util.ResourceBundle$CacheKey::getModule (11 bytes)
Event: 0.257 Thread 0x000001847e420090 nmethod 542 0x000001846361c410 code [0x000001846361c5c0, 0x000001846361c898]
Event: 0.257 Thread 0x000001847e420090  540   !   3       java.nio.DirectIntBufferU::get (34 bytes)
Event: 0.258 Thread 0x000001847e420090 nmethod 540 0x000001846361c990 code [0x000001846361cbe0, 0x000001846361d578]
Event: 0.258 Thread 0x000001847e420090  543       3       jdk.internal.org.objectweb.asm.MethodWriter::visitLabel (330 bytes)
Event: 0.258 Thread 0x000001847e420090 nmethod 543 0x000001846361da10 code [0x000001846361dca0, 0x000001846361ea08]
Event: 0.258 Thread 0x000001847e420090  544       3       jdk.internal.org.objectweb.asm.ByteVector::put11 (52 bytes)
Event: 0.258 Thread 0x000001847e420090 nmethod 544 0x000001846361ec90 code [0x000001846361ee40, 0x000001846361f048]
Event: 0.258 Thread 0x000001847e420090  545       3       jdk.internal.org.objectweb.asm.Frame::setLocal (65 bytes)
Event: 0.259 Thread 0x000001847e420090 nmethod 545 0x000001846361f190 code [0x000001846361f360, 0x000001846361f888]
Event: 0.259 Thread 0x000001847e420090  541       3       java.nio.DirectIntBufferU::ix (10 bytes)
Event: 0.259 Thread 0x000001847e420090 nmethod 541 0x000001846361fa10 code [0x000001846361fba0, 0x000001846361fcb8]
Event: 0.260 Thread 0x000001847e420090  546       3       java.lang.String::endsWith (15 bytes)
Event: 0.260 Thread 0x000001847e420090 nmethod 546 0x000001846361fd90 code [0x000001846361ff60, 0x00000184636202a8]

GC Heap History (0 events):
No events

Dll operation events (8 events):
Event: 0.009 Loaded shared library C:\Program Files\Java\jdk-19\bin\java.dll
Event: 0.019 Loaded shared library C:\Program Files\Java\jdk-19\bin\jsvml.dll
Event: 0.060 Loaded shared library C:\Program Files\Java\jdk-19\bin\net.dll
Event: 0.062 Loaded shared library C:\Program Files\Java\jdk-19\bin\nio.dll
Event: 0.079 Loaded shared library C:\Program Files\Java\jdk-19\bin\zip.dll
Event: 0.096 Loaded shared library C:\Program Files\Java\jdk-19\bin\jimage.dll
Event: 0.112 Loaded shared library C:\Program Files\Java\jdk-19\bin\awt.dll
Event: 0.178 Loaded shared library C:\Program Files\Java\jdk-19\bin\javaaccessbridge.dll

Deoptimization events (4 events):
Event: 0.213 Thread 0x000001845b5f53c0 Uncommon trap: trap_request=0xffffff45 fr.pc=0x000001846b03f678 relative=0x0000000000000a58
Event: 0.213 Thread 0x000001845b5f53c0 Uncommon trap: reason=unstable_if action=reinterpret pc=0x000001846b03f678 method=java.util.HashMap.putVal(ILjava/lang/Object;Ljava/lang/Object;ZZ)Ljava/lang/Object; @ 236 c2
Event: 0.213 Thread 0x000001845b5f53c0 DEOPT PACKING pc=0x000001846b03f678 sp=0x0000003f58bfdd40
Event: 0.213 Thread 0x000001845b5f53c0 DEOPT UNPACKING pc=0x000001846aaf6da3 sp=0x0000003f58bfdcf8 mode 2

Classes loaded (20 events):
Event: 0.257 Loading class javax/swing/plaf/basic/BasicPanelUI done
Event: 0.257 Loading class java/awt/Component$BaselineResizeBehavior
Event: 0.257 Loading class java/awt/Component$BaselineResizeBehavior done
Event: 0.259 Loading class javax/swing/RepaintManager$ProcessingRunnable
Event: 0.259 Loading class javax/swing/RepaintManager$ProcessingRunnable done
Event: 0.259 Loading class com/sun/java/swing/SwingUtilities3
Event: 0.259 Loading class com/sun/java/swing/SwingUtilities3 done
Event: 0.259 Loading class javax/swing/JLayeredPane
Event: 0.259 Loading class javax/swing/JLayeredPane done
Event: 0.260 Loading class javax/swing/JRootPane$1
Event: 0.260 Loading class javax/swing/JRootPane$1 done
Event: 0.260 Loading class javax/swing/ArrayTable
Event: 0.260 Loading class javax/swing/ArrayTable done
Event: 0.260 Loading class javax/swing/JRootPane$RootLayout
Event: 0.260 Loading class javax/swing/JRootPane$RootLayout done
Event: 0.260 Loading class javax/swing/RepaintManager$PaintManager
Event: 0.260 Loading class javax/swing/RepaintManager$PaintManager done
Event: 0.260 Loading class javax/swing/FocusManager
Event: 0.260 Loading class javax/swing/FocusManager done
Event: 0.260 Loading class javax/swing/LayoutFocusTraversalPolicy

Classes unloaded (0 events):
No events

Classes redefined (0 events):
No events

Internal exceptions (13 events):
Event: 0.063 Thread 0x000001845b5f53c0 Exception <a 'sun/nio/fs/WindowsException'{0x0000000089e45170}> (0x0000000089e45170) 
thrown [s\open\src\hotspot\share\prims\jni.cpp, line 517]
Event: 0.064 Thread 0x000001845b5f53c0 Exception <a 'sun/nio/fs/WindowsException'{0x0000000089e45690}> (0x0000000089e45690) 
thrown [s\open\src\hotspot\share\prims\jni.cpp, line 517]
Event: 0.065 Thread 0x000001845b5f53c0 Exception <a 'sun/nio/fs/WindowsException'{0x0000000089e47950}> (0x0000000089e47950) 
thrown [s\open\src\hotspot\share\prims\jni.cpp, line 517]
Event: 0.065 Thread 0x000001845b5f53c0 Exception <a 'sun/nio/fs/WindowsException'{0x0000000089e483b0}> (0x0000000089e483b0) 
thrown [s\open\src\hotspot\share\prims\jni.cpp, line 517]
Event: 0.102 Thread 0x000001845b5f53c0 Exception <a 'java/lang/ClassNotFoundException'{0x0000000089d91348}: sun/awt/resources/spi/awtProvider> (0x0000000089d91348) 
thrown [s\open\src\hotspot\share\classfile\systemDictionary.cpp, line 255]
Event: 0.160 Thread 0x000001845b5f53c0 Exception <a 'java/lang/NoSuchMethodError'{0x0000000089c31e38}: 'java.lang.Object java.lang.invoke.DirectMethodHandle$Holder.invokeStaticInit(java.lang.Object)'> (0x0000000089c31e38) 
thrown [s\open\src\hotspot\share\interpreter\linkResolver.cpp, line 774]
Event: 0.180 Thread 0x000001845b5f53c0 Exception <a 'java/lang/ClassNotFoundException'{0x0000000089c57328}: com/sun/accessibility/internal/resources/spi/accessibilityProvider> (0x0000000089c57328) 
thrown [s\open\src\hotspot\share\classfile\systemDictionary.cpp, line 255]
Event: 0.196 Thread 0x000001845b5f53c0 Exception <a 'java/lang/NoSuchMethodError'{0x0000000089b2aa28}: 'void java.lang.invoke.DirectMethodHandle$Holder.invokeStatic(java.lang.Object, java.lang.Object)'> (0x0000000089b2aa28) 
thrown [s\open\src\hotspot\share\interpreter\linkResolver.cpp, line 774]
Event: 0.215 Thread 0x000001845b5f53c0 Exception <a 'java/lang/NoSuchMethodError'{0x0000000089b6e008}: 'void java.lang.invoke.DirectMethodHandle$Holder.invokeSpecial(java.lang.Object, java.lang.Object, java.lang.Object)'> (0x0000000089b6e008) 
thrown [s\open\src\hotspot\share\interpreter\linkResolver.cpp, line 774]
Event: 0.224 Thread 0x000001845b5f53c0 Exception <a 'java/lang/NoSuchMethodError'{0x0000000089a0eeb0}: 'java.lang.Object java.lang.invoke.DirectMethodHandle$Holder.newInvokeSpecial(java.lang.Object, java.lang.Object, java.lang.Object, java.lang.Object, java.lang.Object)'> (0x0000000089a0eeb0) 
thrown [s\open\src\hotspot\share\interpreter\linkResolver.cpp, line 774]
Event: 0.230 Thread 0x000001845b5f53c0 Exception <a 'java/lang/NoSuchMethodError'{0x0000000089a40a00}: 'java.lang.Object java.lang.invoke.DirectMethodHandle$Holder.invokeStatic(java.lang.Object, int, java.lang.Object)'> (0x0000000089a40a00) 
thrown [s\open\src\hotspot\share\interpreter\linkResolver.cpp, line 774]
Event: 0.255 Thread 0x000001845b5f53c0 Exception <a 'java/lang/ClassNotFoundException'{0x0000000089afc138}: com/sun/swing/internal/plaf/metal/resources/spi/metalProvider> (0x0000000089afc138) 
thrown [s\open\src\hotspot\share\classfile\systemDictionary.cpp, line 255]
Event: 0.256 Thread 0x000001845b5f53c0 Exception <a 'java/lang/ClassNotFoundException'{0x00000000899002a8}: com/sun/swing/internal/plaf/basic/resources/spi/basicProvider> (0x00000000899002a8) 
thrown [s\open\src\hotspot\share\classfile\systemDictionary.cpp, line 255]

VM Operations (4 events):
Event: 0.065 Executing VM operation: HandshakeAllThreads
Event: 0.065 Executing VM operation: HandshakeAllThreads done
Event: 0.131 Executing VM operation: HandshakeAllThreads
Event: 0.131 Executing VM operation: HandshakeAllThreads done

Events (17 events):
Event: 0.019 Thread 0x000001845b5f53c0 Thread added: 0x000001845b5f53c0
Event: 0.030 Thread 0x0000018479ebda60 Thread added: 0x0000018479ebda60
Event: 0.030 Thread 0x0000018479ebe490 Thread added: 0x0000018479ebe490
Event: 0.030 Thread 0x0000018479ec6e00 Thread added: 0x0000018479ec6e00
Event: 0.030 Thread 0x0000018479ec7f40 Thread added: 0x0000018479ec7f40
Event: 0.030 Thread 0x0000018479ecad80 Thread added: 0x0000018479ecad80
Event: 0.030 Thread 0x0000018479ed81c0 Thread added: 0x0000018479ed81c0
Event: 0.031 Thread 0x0000018479ee1780 Thread added: 0x0000018479ee1780
Event: 0.031 Thread 0x000001847e420090 Thread added: 0x000001847e420090
Event: 0.031 Thread 0x000001847e420610 Thread added: 0x000001847e420610
Event: 0.051 Thread 0x000001847e4c61e0 Thread added: 0x000001847e4c61e0
Event: 0.074 Thread 0x000001847e5aa900 Thread added: 0x000001847e5aa900
Event: 0.161 Thread 0x000001847e7763f0 Thread added: 0x000001847e7763f0
Event: 0.162 Thread 0x000001847e77d400 Thread added: 0x000001847e77d400
Event: 0.164 Thread 0x000001847e791100 Thread added: 0x000001847e791100
Event: 0.185 Thread 0x000001847e7c92f0 Thread added: 0x000001847e7c92f0
Event: 0.195 Thread 0x000001847e7d7470 Thread added: 0x000001847e7d7470


Dynamic libraries:
0x00007ff7b28f0000 - 0x00007ff7b2900000 	C:\Program Files\Java\jdk-19\bin\java.exe
0x00007ff971d50000 - 0x00007ff971f64000 	C:\WINDOWS\SYSTEM32\ntdll.dll
0x00007ff96fb60000 - 0x00007ff96fc23000 	C:\WINDOWS\System32\KERNEL32.DLL
0x00007ff96f790000 - 0x00007ff96fb2c000 	C:\WINDOWS\System32\KERNELBASE.dll
0x00007ff96f430000 - 0x00007ff96f541000 	C:\WINDOWS\System32\ucrtbase.dll
0x00007ff968f10000 - 0x00007ff968f2b000 	C:\Program Files\Java\jdk-19\bin\VCRUNTIME140.dll
0x00007ff968c30000 - 0x00007ff968c48000 	C:\Program Files\Java\jdk-19\bin\jli.dll
0x00007ff9700c0000 - 0x00007ff97016e000 	C:\WINDOWS\System32\ADVAPI32.dll
0x00007ff9705d0000 - 0x00007ff970677000 	C:\WINDOWS\System32\msvcrt.dll
0x00007ff970010000 - 0x00007ff9700b4000 	C:\WINDOWS\System32\sechost.dll
0x00007ff96fcc0000 - 0x00007ff96fdd5000 	C:\WINDOWS\System32\RPCRT4.dll
0x00007ff970690000 - 0x00007ff97083d000 	C:\WINDOWS\System32\USER32.dll
0x00007ff96fb30000 - 0x00007ff96fb56000 	C:\WINDOWS\System32\win32u.dll
0x00007ff94fa80000 - 0x00007ff94fd0e000 	C:\WINDOWS\WinSxS\amd64_microsoft.windows.common-controls_6595b64144ccf1df_6.0.22621.608_none_a9444ca7c10bb01d\COMCTL32.dll
0x00007ff96ff00000 - 0x00007ff96ff29000 	C:\WINDOWS\System32\GDI32.dll
0x00007ff96f550000 - 0x00007ff96f662000 	C:\WINDOWS\System32\gdi32full.dll
0x00007ff96f670000 - 0x00007ff96f70a000 	C:\WINDOWS\System32\msvcp_win.dll
0x00007ff967000000 - 0x00007ff96700a000 	C:\WINDOWS\SYSTEM32\VERSION.dll
0x00007ff970170000 - 0x00007ff9701a2000 	C:\WINDOWS\System32\IMM32.DLL
0x00007ff968f00000 - 0x00007ff968f0c000 	C:\Program Files\Java\jdk-19\bin\vcruntime140_1.dll
0x00007ff941510000 - 0x00007ff94159e000 	C:\Program Files\Java\jdk-19\bin\msvcp140.dll
0x00007ff8eb860000 - 0x00007ff8ec520000 	C:\Program Files\Java\jdk-19\bin\server\jvm.dll
0x00007ff968f30000 - 0x00007ff968f39000 	C:\WINDOWS\SYSTEM32\WSOCK32.dll
0x00007ff967d00000 - 0x00007ff967d34000 	C:\WINDOWS\SYSTEM32\WINMM.dll
0x00007ff970550000 - 0x00007ff9705c1000 	C:\WINDOWS\System32\WS2_32.dll
0x00007ff96e290000 - 0x00007ff96e2a8000 	C:\WINDOWS\SYSTEM32\kernel.appcore.dll
0x00007ff951fc0000 - 0x00007ff951fca000 	C:\Program Files\Java\jdk-19\bin\jimage.dll
0x00007ff96cd10000 - 0x00007ff96cf3e000 	C:\WINDOWS\SYSTEM32\DBGHELP.DLL
0x00007ff970840000 - 0x00007ff970bca000 	C:\WINDOWS\System32\combase.dll
0x00007ff96ff30000 - 0x00007ff970007000 	C:\WINDOWS\System32\OLEAUT32.dll
0x00007ff9668f0000 - 0x00007ff966922000 	C:\WINDOWS\SYSTEM32\dbgcore.DLL
0x00007ff96f710000 - 0x00007ff96f78b000 	C:\WINDOWS\System32\bcryptPrimitives.dll
0x00007ff948880000 - 0x00007ff9488a6000 	C:\Program Files\Java\jdk-19\bin\java.dll
0x00007ff9415f0000 - 0x00007ff9416c7000 	C:\Program Files\Java\jdk-19\bin\jsvml.dll
0x00007ff970dc0000 - 0x00007ff9715af000 	C:\WINDOWS\System32\SHELL32.dll
0x00007ff96d160000 - 0x00007ff96da28000 	C:\WINDOWS\SYSTEM32\windows.storage.dll
0x00007ff96d020000 - 0x00007ff96d15e000 	C:\WINDOWS\SYSTEM32\wintypes.dll
0x00007ff971c10000 - 0x00007ff971d01000 	C:\WINDOWS\System32\SHCORE.dll
0x00007ff971660000 - 0x00007ff9716be000 	C:\WINDOWS\System32\shlwapi.dll
0x00007ff96f0c0000 - 0x00007ff96f0e1000 	C:\WINDOWS\SYSTEM32\profapi.dll
0x00007ff948860000 - 0x00007ff948873000 	C:\Program Files\Java\jdk-19\bin\net.dll
0x00007ff9679c0000 - 0x00007ff967aef000 	C:\WINDOWS\SYSTEM32\WINHTTP.dll
0x00007ff96e6f0000 - 0x00007ff96e759000 	C:\WINDOWS\system32\mswsock.dll
0x00007ff9415d0000 - 0x00007ff9415e6000 	C:\Program Files\Java\jdk-19\bin\nio.dll
0x00007ff9415b0000 - 0x00007ff9415c8000 	C:\Program Files\Java\jdk-19\bin\zip.dll
0x00007ff8fef20000 - 0x00007ff8ff0b1000 	C:\Program Files\Java\jdk-19\bin\awt.dll
0x00007ff96bf60000 - 0x00007ff96bff7000 	C:\WINDOWS\SYSTEM32\apphelp.dll
0x00007ff96c7e0000 - 0x00007ff96c80b000 	C:\WINDOWS\system32\DWMAPI.DLL
0x00007ff96c040000 - 0x00007ff96c0eb000 	C:\WINDOWS\system32\uxtheme.dll
0x00007ff95cc80000 - 0x00007ff95cd80000 	C:\WINDOWS\system32\opengl32.dll
0x00007ff959a80000 - 0x00007ff959aad000 	C:\WINDOWS\SYSTEM32\GLU32.dll
0x00007ff96c690000 - 0x00007ff96c6c6000 	C:\WINDOWS\SYSTEM32\dxcore.dll
0x00007ff96fde0000 - 0x00007ff96fefe000 	C:\WINDOWS\System32\MSCTF.dll
0x00007ff9702d0000 - 0x00007ff97046c000 	C:\WINDOWS\System32\ole32.dll
0x00007ff930910000 - 0x00007ff93095a000 	C:\Program Files\Java\jdk-19\bin\javaaccessbridge.dll
0x00007ff941500000 - 0x00007ff941507000 	C:\Program Files\Java\jdk-19\bin\jawt.dll

dbghelp: loaded successfully - version: 4.0.5 - missing functions: none
symbol engine: initialized successfully - sym options: 0x614 - pdb path: .;C:\Program Files\Java\jdk-19\bin;C:\WINDOWS\SYSTEM32;C:\WINDOWS\WinSxS\amd64_microsoft.windows.common-controls_6595b64144ccf1df_6.0.22621.608_none_a9444ca7c10bb01d;C:\Program Files\Java\jdk-19\bin\server

VM Arguments:
jvm_args: -Dfile.encoding=UTF-8 --module-path=E:\Minor Project\E-Bill\Electricity Billing System\build\classes 
java_command: electricity.billing.system.NewCustomer
java_class_path (initial): C:\Users\shubh\Downloads\mysql-connector-java-8.0.28.jar;E:\Minor Project\E-Bill\Electricity Billing System\build\classes
Launcher Type: SUN_STANDARD

[Global flags]
     intx CICompilerCount                          = 4                                         {product} {ergonomic}
     uint ConcGCThreads                            = 3                                         {product} {ergonomic}
     uint G1ConcRefinementThreads                  = 10                                        {product} {ergonomic}
   size_t G1HeapRegionSize                         = 1048576                                   {product} {ergonomic}
    uintx GCDrainStackTargetSize                   = 64                                        {product} {ergonomic}
   size_t InitialHeapSize                          = 132120576                                 {product} {ergonomic}
   size_t MarkStackSize                            = 4194304                                   {product} {ergonomic}
   size_t MaxHeapSize                              = 2111832064                                {product} {ergonomic}
   size_t MaxNewSize                               = 1266679808                                {product} {ergonomic}
   size_t MinHeapDeltaBytes                        = 1048576                                   {product} {ergonomic}
   size_t MinHeapSize                              = 8388608                                   {product} {ergonomic}
    uintx NonNMethodCodeHeapSize                   = 5839372                                {pd product} {ergonomic}
    uintx NonProfiledCodeHeapSize                  = 122909434                              {pd product} {ergonomic}
    uintx ProfiledCodeHeapSize                     = 122909434                              {pd product} {ergonomic}
    uintx ReservedCodeCacheSize                    = 251658240                              {pd product} {ergonomic}
     bool SegmentedCodeCache                       = true                                      {product} {ergonomic}
   size_t SoftMaxHeapSize                          = 2111832064                             {manageable} {ergonomic}
     bool UseCompressedClassPointers               = true                           {product lp64_product} {ergonomic}
     bool UseCompressedOops                        = true                           {product lp64_product} {ergonomic}
     bool UseG1GC                                  = true                                      {product} {ergonomic}
     bool UseLargePagesIndividualAllocation        = false                                  {pd product} {ergonomic}

Logging:
Log output configuration:
 #0: stdout all=warning uptime,level,tags foldmultilines=false
 #1: stderr all=off uptime,level,tags foldmultilines=false

Environment Variables:
PATH=C:\Program Files\Common Files\Oracle\Java\javapath;C:\WINDOWS\system32;C:\WINDOWS;C:\WINDOWS\System32\Wbem;C:\WINDOWS\System32\WindowsPowerShell\v1.0\;C:\WINDOWS\System32\OpenSSH\;D:\Installs\Microsoft VS Code\bin;C:\Program Files\NVIDIA Corporation\NVIDIA NvDLISR;C:\Program Files\dotnet\;C:\Program Files (x86)\NVIDIA Corporation\PhysX\Common;C:\Program Files\MySQL\MySQL Shell 8.0\bin\;C:\Users\shubh\AppData\Local\Programs\Python\Python311\Scripts\;C:\Users\shubh\AppData\Local\Programs\Python\Python311\;C:\Users\shubh\AppData\Local\Microsoft\WindowsApps;;D:\Installs\IntelliJ IDEA Community Edition 2022.3.2\bin;
USERNAME=shubh
OS=Windows_NT
PROCESSOR_IDENTIFIER=Intel64 Family 6 Model 158 Stepping 10, GenuineIntel
TMP=C:\Users\shubh\AppData\Local\Temp
TEMP=C:\Users\shubh\AppData\Local\Temp



---------------  S Y S T E M  ---------------

OS:
 Windows 11 , 64 bit Build 22621 (10.0.22621.1194)
OS uptime: 3 days 23:24 hours
Hyper-V role detected

CPU: total 12 (initial active 12) (6 cores per cpu, 2 threads per core) family 6 model 158 stepping 10 microcode 0xf0, cx8, cmov, fxsr, ht, mmx, 3dnowpref, sse, sse2, sse3, ssse3, sse4.1, sse4.2, popcnt, lzcnt, tsc, tscinvbit, avx, avx2, aes, erms, clmul, bmi1, bmi2, adx, fma, vzeroupper, clflush, clflushopt, hv, rdtscp

Memory: 4k page, system-wide physical 8050M (846M free)
TotalPageFile size 21215M (AvailPageFile size 4M)
current process WorkingSet (physical memory assigned to process): 48M, peak: 48M
current process commit charge ("private bytes"): 221M, peak: 221M

vm_info: Java HotSpot(TM) 64-Bit Server VM (19.0.2+7-44) for windows-amd64 JRE (19.0.2+7-44), built on 2022-11-30T18:02:09Z by "mach5one" with MS VC++ 17.1 (VS2022)

END.
